[2024-06-14 21:14:03] local.ERROR: The "-m" option does not exist. {"exception":"[object] (Symfony\\Component\\Console\\Exception\\RuntimeException(code: 0): The \"-m\" option does not exist. at /home/aquilas/Documents/DEV PROJECT/SGT-RA/CODE/back/vendor/symfony/console/Input/ArgvInput.php:205)
[stacktrace]
#0 /home/aquilas/Documents/DEV PROJECT/SGT-RA/CODE/back/vendor/symfony/console/Input/ArgvInput.php(107): Symfony\\Component\\Console\\Input\\ArgvInput->addShortOption()
#1 /home/aquilas/Documents/DEV PROJECT/SGT-RA/CODE/back/vendor/symfony/console/Input/ArgvInput.php(84): Symfony\\Component\\Console\\Input\\ArgvInput->parseShortOption()
#2 /home/aquilas/Documents/DEV PROJECT/SGT-RA/CODE/back/vendor/symfony/console/Input/ArgvInput.php(71): Symfony\\Component\\Console\\Input\\ArgvInput->parseToken()
#3 /home/aquilas/Documents/DEV PROJECT/SGT-RA/CODE/back/vendor/symfony/console/Input/Input.php(53): Symfony\\Component\\Console\\Input\\ArgvInput->parse()
#4 /home/aquilas/Documents/DEV PROJECT/SGT-RA/CODE/back/vendor/symfony/console/Command/Command.php(238): Symfony\\Component\\Console\\Input\\Input->bind()
#5 /home/aquilas/Documents/DEV PROJECT/SGT-RA/CODE/back/vendor/laravel/framework/src/Illuminate/Console/Command.php(182): Symfony\\Component\\Console\\Command\\Command->run()
#6 /home/aquilas/Documents/DEV PROJECT/SGT-RA/CODE/back/vendor/symfony/console/Application.php(1047): Illuminate\\Console\\Command->run()
#7 /home/aquilas/Documents/DEV PROJECT/SGT-RA/CODE/back/vendor/symfony/console/Application.php(316): Symfony\\Component\\Console\\Application->doRunCommand()
#8 /home/aquilas/Documents/DEV PROJECT/SGT-RA/CODE/back/vendor/symfony/console/Application.php(167): Symfony\\Component\\Console\\Application->doRun()
#9 /home/aquilas/Documents/DEV PROJECT/SGT-RA/CODE/back/vendor/laravel/framework/src/Illuminate/Foundation/Console/Kernel.php(196): Symfony\\Component\\Console\\Application->run()
#10 /home/aquilas/Documents/DEV PROJECT/SGT-RA/CODE/back/vendor/laravel/framework/src/Illuminate/Foundation/Application.php(1198): Illuminate\\Foundation\\Console\\Kernel->handle()
#11 /home/aquilas/Documents/DEV PROJECT/SGT-RA/CODE/back/artisan(13): Illuminate\\Foundation\\Application->handleCommand()
#12 {main}
"} 
[2024-06-15 09:36:53] local.ERROR: SQLSTATE[HY000]: General error: 1005 Can't create table `transport`.`tickets` (errno: 150 "Foreign key constraint is incorrectly formed") (Connection: mysql, SQL: alter table `tickets` add constraint `tickets_merchandise_id_foreign` foreign key (`merchandise_id`) references `merchandises` (`id`) on delete cascade) {"exception":"[object] (Illuminate\\Database\\QueryException(code: HY000): SQLSTATE[HY000]: General error: 1005 Can't create table `transport`.`tickets` (errno: 150 \"Foreign key constraint is incorrectly formed\") (Connection: mysql, SQL: alter table `tickets` add constraint `tickets_merchandise_id_foreign` foreign key (`merchandise_id`) references `merchandises` (`id`) on delete cascade) at /home/aquilas/Documents/DEV PROJECT/SGT-RA/CODE/back/vendor/laravel/framework/src/Illuminate/Database/Connection.php:813)
[stacktrace]
#0 /home/aquilas/Documents/DEV PROJECT/SGT-RA/CODE/back/vendor/laravel/framework/src/Illuminate/Database/Connection.php(767): Illuminate\\Database\\Connection->runQueryCallback()
#1 /home/aquilas/Documents/DEV PROJECT/SGT-RA/CODE/back/vendor/laravel/framework/src/Illuminate/Database/Connection.php(560): Illuminate\\Database\\Connection->run()
#2 /home/aquilas/Documents/DEV PROJECT/SGT-RA/CODE/back/vendor/laravel/framework/src/Illuminate/Database/Schema/Blueprint.php(109): Illuminate\\Database\\Connection->statement()
#3 /home/aquilas/Documents/DEV PROJECT/SGT-RA/CODE/back/vendor/laravel/framework/src/Illuminate/Database/Schema/Builder.php(564): Illuminate\\Database\\Schema\\Blueprint->build()
#4 /home/aquilas/Documents/DEV PROJECT/SGT-RA/CODE/back/vendor/laravel/framework/src/Illuminate/Database/Schema/Builder.php(418): Illuminate\\Database\\Schema\\Builder->build()
#5 /home/aquilas/Documents/DEV PROJECT/SGT-RA/CODE/back/vendor/laravel/framework/src/Illuminate/Support/Facades/Facade.php(357): Illuminate\\Database\\Schema\\Builder->create()
#6 /home/aquilas/Documents/DEV PROJECT/SGT-RA/CODE/back/database/migrations/2024_05_07_200447_create_tickets_table.php(14): Illuminate\\Support\\Facades\\Facade::__callStatic()
#7 /home/aquilas/Documents/DEV PROJECT/SGT-RA/CODE/back/vendor/laravel/framework/src/Illuminate/Database/Migrations/Migrator.php(476): Illuminate\\Database\\Migrations\\Migration@anonymous->up()
#8 /home/aquilas/Documents/DEV PROJECT/SGT-RA/CODE/back/vendor/laravel/framework/src/Illuminate/Database/Migrations/Migrator.php(402): Illuminate\\Database\\Migrations\\Migrator->runMethod()
#9 /home/aquilas/Documents/DEV PROJECT/SGT-RA/CODE/back/vendor/laravel/framework/src/Illuminate/Database/Migrations/Migrator.php(411): Illuminate\\Database\\Migrations\\Migrator->Illuminate\\Database\\Migrations\\{closure}()
#10 /home/aquilas/Documents/DEV PROJECT/SGT-RA/CODE/back/vendor/laravel/framework/src/Illuminate/Database/Migrations/Migrator.php(212): Illuminate\\Database\\Migrations\\Migrator->runMigration()
#11 /home/aquilas/Documents/DEV PROJECT/SGT-RA/CODE/back/vendor/laravel/framework/src/Illuminate/Console/View/Components/Task.php(40): Illuminate\\Database\\Migrations\\Migrator->Illuminate\\Database\\Migrations\\{closure}()
#12 /home/aquilas/Documents/DEV PROJECT/SGT-RA/CODE/back/vendor/laravel/framework/src/Illuminate/Database/Migrations/Migrator.php(739): Illuminate\\Console\\View\\Components\\Task->render()
#13 /home/aquilas/Documents/DEV PROJECT/SGT-RA/CODE/back/vendor/laravel/framework/src/Illuminate/Database/Migrations/Migrator.php(212): Illuminate\\Database\\Migrations\\Migrator->write()
#14 /home/aquilas/Documents/DEV PROJECT/SGT-RA/CODE/back/vendor/laravel/framework/src/Illuminate/Database/Migrations/Migrator.php(179): Illuminate\\Database\\Migrations\\Migrator->runUp()
#15 /home/aquilas/Documents/DEV PROJECT/SGT-RA/CODE/back/vendor/laravel/framework/src/Illuminate/Database/Migrations/Migrator.php(122): Illuminate\\Database\\Migrations\\Migrator->runPending()
#16 /home/aquilas/Documents/DEV PROJECT/SGT-RA/CODE/back/vendor/laravel/framework/src/Illuminate/Database/Console/Migrations/MigrateCommand.php(116): Illuminate\\Database\\Migrations\\Migrator->run()
#17 /home/aquilas/Documents/DEV PROJECT/SGT-RA/CODE/back/vendor/laravel/framework/src/Illuminate/Database/Migrations/Migrator.php(616): Illuminate\\Database\\Console\\Migrations\\MigrateCommand->Illuminate\\Database\\Console\\Migrations\\{closure}()
#18 /home/aquilas/Documents/DEV PROJECT/SGT-RA/CODE/back/vendor/laravel/framework/src/Illuminate/Database/Console/Migrations/MigrateCommand.php(109): Illuminate\\Database\\Migrations\\Migrator->usingConnection()
#19 /home/aquilas/Documents/DEV PROJECT/SGT-RA/CODE/back/vendor/laravel/framework/src/Illuminate/Database/Console/Migrations/MigrateCommand.php(88): Illuminate\\Database\\Console\\Migrations\\MigrateCommand->runMigrations()
#20 /home/aquilas/Documents/DEV PROJECT/SGT-RA/CODE/back/vendor/laravel/framework/src/Illuminate/Container/BoundMethod.php(36): Illuminate\\Database\\Console\\Migrations\\MigrateCommand->handle()
#21 /home/aquilas/Documents/DEV PROJECT/SGT-RA/CODE/back/vendor/laravel/framework/src/Illuminate/Container/Util.php(41): Illuminate\\Container\\BoundMethod::Illuminate\\Container\\{closure}()
#22 /home/aquilas/Documents/DEV PROJECT/SGT-RA/CODE/back/vendor/laravel/framework/src/Illuminate/Container/BoundMethod.php(93): Illuminate\\Container\\Util::unwrapIfClosure()
#23 /home/aquilas/Documents/DEV PROJECT/SGT-RA/CODE/back/vendor/laravel/framework/src/Illuminate/Container/BoundMethod.php(35): Illuminate\\Container\\BoundMethod::callBoundMethod()
#24 /home/aquilas/Documents/DEV PROJECT/SGT-RA/CODE/back/vendor/laravel/framework/src/Illuminate/Container/Container.php(662): Illuminate\\Container\\BoundMethod::call()
#25 /home/aquilas/Documents/DEV PROJECT/SGT-RA/CODE/back/vendor/laravel/framework/src/Illuminate/Console/Command.php(213): Illuminate\\Container\\Container->call()
#26 /home/aquilas/Documents/DEV PROJECT/SGT-RA/CODE/back/vendor/symfony/console/Command/Command.php(279): Illuminate\\Console\\Command->execute()
#27 /home/aquilas/Documents/DEV PROJECT/SGT-RA/CODE/back/vendor/laravel/framework/src/Illuminate/Console/Command.php(182): Symfony\\Component\\Console\\Command\\Command->run()
#28 /home/aquilas/Documents/DEV PROJECT/SGT-RA/CODE/back/vendor/symfony/console/Application.php(1047): Illuminate\\Console\\Command->run()
#29 /home/aquilas/Documents/DEV PROJECT/SGT-RA/CODE/back/vendor/symfony/console/Application.php(316): Symfony\\Component\\Console\\Application->doRunCommand()
#30 /home/aquilas/Documents/DEV PROJECT/SGT-RA/CODE/back/vendor/symfony/console/Application.php(167): Symfony\\Component\\Console\\Application->doRun()
#31 /home/aquilas/Documents/DEV PROJECT/SGT-RA/CODE/back/vendor/laravel/framework/src/Illuminate/Foundation/Console/Kernel.php(196): Symfony\\Component\\Console\\Application->run()
#32 /home/aquilas/Documents/DEV PROJECT/SGT-RA/CODE/back/vendor/laravel/framework/src/Illuminate/Foundation/Application.php(1198): Illuminate\\Foundation\\Console\\Kernel->handle()
#33 /home/aquilas/Documents/DEV PROJECT/SGT-RA/CODE/back/artisan(13): Illuminate\\Foundation\\Application->handleCommand()
#34 {main}

[previous exception] [object] (PDOException(code: HY000): SQLSTATE[HY000]: General error: 1005 Can't create table `transport`.`tickets` (errno: 150 \"Foreign key constraint is incorrectly formed\") at /home/aquilas/Documents/DEV PROJECT/SGT-RA/CODE/back/vendor/laravel/framework/src/Illuminate/Database/Connection.php:571)
[stacktrace]
#0 /home/aquilas/Documents/DEV PROJECT/SGT-RA/CODE/back/vendor/laravel/framework/src/Illuminate/Database/Connection.php(571): PDOStatement->execute()
#1 /home/aquilas/Documents/DEV PROJECT/SGT-RA/CODE/back/vendor/laravel/framework/src/Illuminate/Database/Connection.php(800): Illuminate\\Database\\Connection->Illuminate\\Database\\{closure}()
#2 /home/aquilas/Documents/DEV PROJECT/SGT-RA/CODE/back/vendor/laravel/framework/src/Illuminate/Database/Connection.php(767): Illuminate\\Database\\Connection->runQueryCallback()
#3 /home/aquilas/Documents/DEV PROJECT/SGT-RA/CODE/back/vendor/laravel/framework/src/Illuminate/Database/Connection.php(560): Illuminate\\Database\\Connection->run()
#4 /home/aquilas/Documents/DEV PROJECT/SGT-RA/CODE/back/vendor/laravel/framework/src/Illuminate/Database/Schema/Blueprint.php(109): Illuminate\\Database\\Connection->statement()
#5 /home/aquilas/Documents/DEV PROJECT/SGT-RA/CODE/back/vendor/laravel/framework/src/Illuminate/Database/Schema/Builder.php(564): Illuminate\\Database\\Schema\\Blueprint->build()
#6 /home/aquilas/Documents/DEV PROJECT/SGT-RA/CODE/back/vendor/laravel/framework/src/Illuminate/Database/Schema/Builder.php(418): Illuminate\\Database\\Schema\\Builder->build()
#7 /home/aquilas/Documents/DEV PROJECT/SGT-RA/CODE/back/vendor/laravel/framework/src/Illuminate/Support/Facades/Facade.php(357): Illuminate\\Database\\Schema\\Builder->create()
#8 /home/aquilas/Documents/DEV PROJECT/SGT-RA/CODE/back/database/migrations/2024_05_07_200447_create_tickets_table.php(14): Illuminate\\Support\\Facades\\Facade::__callStatic()
#9 /home/aquilas/Documents/DEV PROJECT/SGT-RA/CODE/back/vendor/laravel/framework/src/Illuminate/Database/Migrations/Migrator.php(476): Illuminate\\Database\\Migrations\\Migration@anonymous->up()
#10 /home/aquilas/Documents/DEV PROJECT/SGT-RA/CODE/back/vendor/laravel/framework/src/Illuminate/Database/Migrations/Migrator.php(402): Illuminate\\Database\\Migrations\\Migrator->runMethod()
#11 /home/aquilas/Documents/DEV PROJECT/SGT-RA/CODE/back/vendor/laravel/framework/src/Illuminate/Database/Migrations/Migrator.php(411): Illuminate\\Database\\Migrations\\Migrator->Illuminate\\Database\\Migrations\\{closure}()
#12 /home/aquilas/Documents/DEV PROJECT/SGT-RA/CODE/back/vendor/laravel/framework/src/Illuminate/Database/Migrations/Migrator.php(212): Illuminate\\Database\\Migrations\\Migrator->runMigration()
#13 /home/aquilas/Documents/DEV PROJECT/SGT-RA/CODE/back/vendor/laravel/framework/src/Illuminate/Console/View/Components/Task.php(40): Illuminate\\Database\\Migrations\\Migrator->Illuminate\\Database\\Migrations\\{closure}()
#14 /home/aquilas/Documents/DEV PROJECT/SGT-RA/CODE/back/vendor/laravel/framework/src/Illuminate/Database/Migrations/Migrator.php(739): Illuminate\\Console\\View\\Components\\Task->render()
#15 /home/aquilas/Documents/DEV PROJECT/SGT-RA/CODE/back/vendor/laravel/framework/src/Illuminate/Database/Migrations/Migrator.php(212): Illuminate\\Database\\Migrations\\Migrator->write()
#16 /home/aquilas/Documents/DEV PROJECT/SGT-RA/CODE/back/vendor/laravel/framework/src/Illuminate/Database/Migrations/Migrator.php(179): Illuminate\\Database\\Migrations\\Migrator->runUp()
#17 /home/aquilas/Documents/DEV PROJECT/SGT-RA/CODE/back/vendor/laravel/framework/src/Illuminate/Database/Migrations/Migrator.php(122): Illuminate\\Database\\Migrations\\Migrator->runPending()
#18 /home/aquilas/Documents/DEV PROJECT/SGT-RA/CODE/back/vendor/laravel/framework/src/Illuminate/Database/Console/Migrations/MigrateCommand.php(116): Illuminate\\Database\\Migrations\\Migrator->run()
#19 /home/aquilas/Documents/DEV PROJECT/SGT-RA/CODE/back/vendor/laravel/framework/src/Illuminate/Database/Migrations/Migrator.php(616): Illuminate\\Database\\Console\\Migrations\\MigrateCommand->Illuminate\\Database\\Console\\Migrations\\{closure}()
#20 /home/aquilas/Documents/DEV PROJECT/SGT-RA/CODE/back/vendor/laravel/framework/src/Illuminate/Database/Console/Migrations/MigrateCommand.php(109): Illuminate\\Database\\Migrations\\Migrator->usingConnection()
#21 /home/aquilas/Documents/DEV PROJECT/SGT-RA/CODE/back/vendor/laravel/framework/src/Illuminate/Database/Console/Migrations/MigrateCommand.php(88): Illuminate\\Database\\Console\\Migrations\\MigrateCommand->runMigrations()
#22 /home/aquilas/Documents/DEV PROJECT/SGT-RA/CODE/back/vendor/laravel/framework/src/Illuminate/Container/BoundMethod.php(36): Illuminate\\Database\\Console\\Migrations\\MigrateCommand->handle()
#23 /home/aquilas/Documents/DEV PROJECT/SGT-RA/CODE/back/vendor/laravel/framework/src/Illuminate/Container/Util.php(41): Illuminate\\Container\\BoundMethod::Illuminate\\Container\\{closure}()
#24 /home/aquilas/Documents/DEV PROJECT/SGT-RA/CODE/back/vendor/laravel/framework/src/Illuminate/Container/BoundMethod.php(93): Illuminate\\Container\\Util::unwrapIfClosure()
#25 /home/aquilas/Documents/DEV PROJECT/SGT-RA/CODE/back/vendor/laravel/framework/src/Illuminate/Container/BoundMethod.php(35): Illuminate\\Container\\BoundMethod::callBoundMethod()
#26 /home/aquilas/Documents/DEV PROJECT/SGT-RA/CODE/back/vendor/laravel/framework/src/Illuminate/Container/Container.php(662): Illuminate\\Container\\BoundMethod::call()
#27 /home/aquilas/Documents/DEV PROJECT/SGT-RA/CODE/back/vendor/laravel/framework/src/Illuminate/Console/Command.php(213): Illuminate\\Container\\Container->call()
#28 /home/aquilas/Documents/DEV PROJECT/SGT-RA/CODE/back/vendor/symfony/console/Command/Command.php(279): Illuminate\\Console\\Command->execute()
#29 /home/aquilas/Documents/DEV PROJECT/SGT-RA/CODE/back/vendor/laravel/framework/src/Illuminate/Console/Command.php(182): Symfony\\Component\\Console\\Command\\Command->run()
#30 /home/aquilas/Documents/DEV PROJECT/SGT-RA/CODE/back/vendor/symfony/console/Application.php(1047): Illuminate\\Console\\Command->run()
#31 /home/aquilas/Documents/DEV PROJECT/SGT-RA/CODE/back/vendor/symfony/console/Application.php(316): Symfony\\Component\\Console\\Application->doRunCommand()
#32 /home/aquilas/Documents/DEV PROJECT/SGT-RA/CODE/back/vendor/symfony/console/Application.php(167): Symfony\\Component\\Console\\Application->doRun()
#33 /home/aquilas/Documents/DEV PROJECT/SGT-RA/CODE/back/vendor/laravel/framework/src/Illuminate/Foundation/Console/Kernel.php(196): Symfony\\Component\\Console\\Application->run()
#34 /home/aquilas/Documents/DEV PROJECT/SGT-RA/CODE/back/vendor/laravel/framework/src/Illuminate/Foundation/Application.php(1198): Illuminate\\Foundation\\Console\\Kernel->handle()
#35 /home/aquilas/Documents/DEV PROJECT/SGT-RA/CODE/back/artisan(13): Illuminate\\Foundation\\Application->handleCommand()
#36 {main}
"} 
[2024-06-15 09:37:39] local.ERROR: SQLSTATE[42S01]: Base table or view already exists: 1050 Table 'tickets' already exists (Connection: mysql, SQL: create table `tickets` (`id` bigint unsigned not null auto_increment primary key, `reservation_id` bigint unsigned null, `merchandise_id` bigint unsigned null, `ticket_number` varchar(255) not null, `issued_at` datetime not null, `ticket_lien` varchar(255) null, `created_at` timestamp null, `updated_at` timestamp null) default character set utf8mb4 collate 'utf8mb4_unicode_ci') {"exception":"[object] (Illuminate\\Database\\QueryException(code: 42S01): SQLSTATE[42S01]: Base table or view already exists: 1050 Table 'tickets' already exists (Connection: mysql, SQL: create table `tickets` (`id` bigint unsigned not null auto_increment primary key, `reservation_id` bigint unsigned null, `merchandise_id` bigint unsigned null, `ticket_number` varchar(255) not null, `issued_at` datetime not null, `ticket_lien` varchar(255) null, `created_at` timestamp null, `updated_at` timestamp null) default character set utf8mb4 collate 'utf8mb4_unicode_ci') at /home/aquilas/Documents/DEV PROJECT/SGT-RA/CODE/back/vendor/laravel/framework/src/Illuminate/Database/Connection.php:813)
[stacktrace]
#0 /home/aquilas/Documents/DEV PROJECT/SGT-RA/CODE/back/vendor/laravel/framework/src/Illuminate/Database/Connection.php(767): Illuminate\\Database\\Connection->runQueryCallback()
#1 /home/aquilas/Documents/DEV PROJECT/SGT-RA/CODE/back/vendor/laravel/framework/src/Illuminate/Database/Connection.php(560): Illuminate\\Database\\Connection->run()
#2 /home/aquilas/Documents/DEV PROJECT/SGT-RA/CODE/back/vendor/laravel/framework/src/Illuminate/Database/Schema/Blueprint.php(109): Illuminate\\Database\\Connection->statement()
#3 /home/aquilas/Documents/DEV PROJECT/SGT-RA/CODE/back/vendor/laravel/framework/src/Illuminate/Database/Schema/Builder.php(564): Illuminate\\Database\\Schema\\Blueprint->build()
#4 /home/aquilas/Documents/DEV PROJECT/SGT-RA/CODE/back/vendor/laravel/framework/src/Illuminate/Database/Schema/Builder.php(418): Illuminate\\Database\\Schema\\Builder->build()
#5 /home/aquilas/Documents/DEV PROJECT/SGT-RA/CODE/back/vendor/laravel/framework/src/Illuminate/Support/Facades/Facade.php(357): Illuminate\\Database\\Schema\\Builder->create()
#6 /home/aquilas/Documents/DEV PROJECT/SGT-RA/CODE/back/database/migrations/2024_06_15_200447_create_tickets_table.php(14): Illuminate\\Support\\Facades\\Facade::__callStatic()
#7 /home/aquilas/Documents/DEV PROJECT/SGT-RA/CODE/back/vendor/laravel/framework/src/Illuminate/Database/Migrations/Migrator.php(476): Illuminate\\Database\\Migrations\\Migration@anonymous->up()
#8 /home/aquilas/Documents/DEV PROJECT/SGT-RA/CODE/back/vendor/laravel/framework/src/Illuminate/Database/Migrations/Migrator.php(402): Illuminate\\Database\\Migrations\\Migrator->runMethod()
#9 /home/aquilas/Documents/DEV PROJECT/SGT-RA/CODE/back/vendor/laravel/framework/src/Illuminate/Database/Migrations/Migrator.php(411): Illuminate\\Database\\Migrations\\Migrator->Illuminate\\Database\\Migrations\\{closure}()
#10 /home/aquilas/Documents/DEV PROJECT/SGT-RA/CODE/back/vendor/laravel/framework/src/Illuminate/Database/Migrations/Migrator.php(212): Illuminate\\Database\\Migrations\\Migrator->runMigration()
#11 /home/aquilas/Documents/DEV PROJECT/SGT-RA/CODE/back/vendor/laravel/framework/src/Illuminate/Console/View/Components/Task.php(40): Illuminate\\Database\\Migrations\\Migrator->Illuminate\\Database\\Migrations\\{closure}()
#12 /home/aquilas/Documents/DEV PROJECT/SGT-RA/CODE/back/vendor/laravel/framework/src/Illuminate/Database/Migrations/Migrator.php(739): Illuminate\\Console\\View\\Components\\Task->render()
#13 /home/aquilas/Documents/DEV PROJECT/SGT-RA/CODE/back/vendor/laravel/framework/src/Illuminate/Database/Migrations/Migrator.php(212): Illuminate\\Database\\Migrations\\Migrator->write()
#14 /home/aquilas/Documents/DEV PROJECT/SGT-RA/CODE/back/vendor/laravel/framework/src/Illuminate/Database/Migrations/Migrator.php(179): Illuminate\\Database\\Migrations\\Migrator->runUp()
#15 /home/aquilas/Documents/DEV PROJECT/SGT-RA/CODE/back/vendor/laravel/framework/src/Illuminate/Database/Migrations/Migrator.php(122): Illuminate\\Database\\Migrations\\Migrator->runPending()
#16 /home/aquilas/Documents/DEV PROJECT/SGT-RA/CODE/back/vendor/laravel/framework/src/Illuminate/Database/Console/Migrations/MigrateCommand.php(116): Illuminate\\Database\\Migrations\\Migrator->run()
#17 /home/aquilas/Documents/DEV PROJECT/SGT-RA/CODE/back/vendor/laravel/framework/src/Illuminate/Database/Migrations/Migrator.php(616): Illuminate\\Database\\Console\\Migrations\\MigrateCommand->Illuminate\\Database\\Console\\Migrations\\{closure}()
#18 /home/aquilas/Documents/DEV PROJECT/SGT-RA/CODE/back/vendor/laravel/framework/src/Illuminate/Database/Console/Migrations/MigrateCommand.php(109): Illuminate\\Database\\Migrations\\Migrator->usingConnection()
#19 /home/aquilas/Documents/DEV PROJECT/SGT-RA/CODE/back/vendor/laravel/framework/src/Illuminate/Database/Console/Migrations/MigrateCommand.php(88): Illuminate\\Database\\Console\\Migrations\\MigrateCommand->runMigrations()
#20 /home/aquilas/Documents/DEV PROJECT/SGT-RA/CODE/back/vendor/laravel/framework/src/Illuminate/Container/BoundMethod.php(36): Illuminate\\Database\\Console\\Migrations\\MigrateCommand->handle()
#21 /home/aquilas/Documents/DEV PROJECT/SGT-RA/CODE/back/vendor/laravel/framework/src/Illuminate/Container/Util.php(41): Illuminate\\Container\\BoundMethod::Illuminate\\Container\\{closure}()
#22 /home/aquilas/Documents/DEV PROJECT/SGT-RA/CODE/back/vendor/laravel/framework/src/Illuminate/Container/BoundMethod.php(93): Illuminate\\Container\\Util::unwrapIfClosure()
#23 /home/aquilas/Documents/DEV PROJECT/SGT-RA/CODE/back/vendor/laravel/framework/src/Illuminate/Container/BoundMethod.php(35): Illuminate\\Container\\BoundMethod::callBoundMethod()
#24 /home/aquilas/Documents/DEV PROJECT/SGT-RA/CODE/back/vendor/laravel/framework/src/Illuminate/Container/Container.php(662): Illuminate\\Container\\BoundMethod::call()
#25 /home/aquilas/Documents/DEV PROJECT/SGT-RA/CODE/back/vendor/laravel/framework/src/Illuminate/Console/Command.php(213): Illuminate\\Container\\Container->call()
#26 /home/aquilas/Documents/DEV PROJECT/SGT-RA/CODE/back/vendor/symfony/console/Command/Command.php(279): Illuminate\\Console\\Command->execute()
#27 /home/aquilas/Documents/DEV PROJECT/SGT-RA/CODE/back/vendor/laravel/framework/src/Illuminate/Console/Command.php(182): Symfony\\Component\\Console\\Command\\Command->run()
#28 /home/aquilas/Documents/DEV PROJECT/SGT-RA/CODE/back/vendor/symfony/console/Application.php(1047): Illuminate\\Console\\Command->run()
#29 /home/aquilas/Documents/DEV PROJECT/SGT-RA/CODE/back/vendor/symfony/console/Application.php(316): Symfony\\Component\\Console\\Application->doRunCommand()
#30 /home/aquilas/Documents/DEV PROJECT/SGT-RA/CODE/back/vendor/symfony/console/Application.php(167): Symfony\\Component\\Console\\Application->doRun()
#31 /home/aquilas/Documents/DEV PROJECT/SGT-RA/CODE/back/vendor/laravel/framework/src/Illuminate/Foundation/Console/Kernel.php(196): Symfony\\Component\\Console\\Application->run()
#32 /home/aquilas/Documents/DEV PROJECT/SGT-RA/CODE/back/vendor/laravel/framework/src/Illuminate/Foundation/Application.php(1198): Illuminate\\Foundation\\Console\\Kernel->handle()
#33 /home/aquilas/Documents/DEV PROJECT/SGT-RA/CODE/back/artisan(13): Illuminate\\Foundation\\Application->handleCommand()
#34 {main}

[previous exception] [object] (PDOException(code: 42S01): SQLSTATE[42S01]: Base table or view already exists: 1050 Table 'tickets' already exists at /home/aquilas/Documents/DEV PROJECT/SGT-RA/CODE/back/vendor/laravel/framework/src/Illuminate/Database/Connection.php:571)
[stacktrace]
#0 /home/aquilas/Documents/DEV PROJECT/SGT-RA/CODE/back/vendor/laravel/framework/src/Illuminate/Database/Connection.php(571): PDOStatement->execute()
#1 /home/aquilas/Documents/DEV PROJECT/SGT-RA/CODE/back/vendor/laravel/framework/src/Illuminate/Database/Connection.php(800): Illuminate\\Database\\Connection->Illuminate\\Database\\{closure}()
#2 /home/aquilas/Documents/DEV PROJECT/SGT-RA/CODE/back/vendor/laravel/framework/src/Illuminate/Database/Connection.php(767): Illuminate\\Database\\Connection->runQueryCallback()
#3 /home/aquilas/Documents/DEV PROJECT/SGT-RA/CODE/back/vendor/laravel/framework/src/Illuminate/Database/Connection.php(560): Illuminate\\Database\\Connection->run()
#4 /home/aquilas/Documents/DEV PROJECT/SGT-RA/CODE/back/vendor/laravel/framework/src/Illuminate/Database/Schema/Blueprint.php(109): Illuminate\\Database\\Connection->statement()
#5 /home/aquilas/Documents/DEV PROJECT/SGT-RA/CODE/back/vendor/laravel/framework/src/Illuminate/Database/Schema/Builder.php(564): Illuminate\\Database\\Schema\\Blueprint->build()
#6 /home/aquilas/Documents/DEV PROJECT/SGT-RA/CODE/back/vendor/laravel/framework/src/Illuminate/Database/Schema/Builder.php(418): Illuminate\\Database\\Schema\\Builder->build()
#7 /home/aquilas/Documents/DEV PROJECT/SGT-RA/CODE/back/vendor/laravel/framework/src/Illuminate/Support/Facades/Facade.php(357): Illuminate\\Database\\Schema\\Builder->create()
#8 /home/aquilas/Documents/DEV PROJECT/SGT-RA/CODE/back/database/migrations/2024_06_15_200447_create_tickets_table.php(14): Illuminate\\Support\\Facades\\Facade::__callStatic()
#9 /home/aquilas/Documents/DEV PROJECT/SGT-RA/CODE/back/vendor/laravel/framework/src/Illuminate/Database/Migrations/Migrator.php(476): Illuminate\\Database\\Migrations\\Migration@anonymous->up()
#10 /home/aquilas/Documents/DEV PROJECT/SGT-RA/CODE/back/vendor/laravel/framework/src/Illuminate/Database/Migrations/Migrator.php(402): Illuminate\\Database\\Migrations\\Migrator->runMethod()
#11 /home/aquilas/Documents/DEV PROJECT/SGT-RA/CODE/back/vendor/laravel/framework/src/Illuminate/Database/Migrations/Migrator.php(411): Illuminate\\Database\\Migrations\\Migrator->Illuminate\\Database\\Migrations\\{closure}()
#12 /home/aquilas/Documents/DEV PROJECT/SGT-RA/CODE/back/vendor/laravel/framework/src/Illuminate/Database/Migrations/Migrator.php(212): Illuminate\\Database\\Migrations\\Migrator->runMigration()
#13 /home/aquilas/Documents/DEV PROJECT/SGT-RA/CODE/back/vendor/laravel/framework/src/Illuminate/Console/View/Components/Task.php(40): Illuminate\\Database\\Migrations\\Migrator->Illuminate\\Database\\Migrations\\{closure}()
#14 /home/aquilas/Documents/DEV PROJECT/SGT-RA/CODE/back/vendor/laravel/framework/src/Illuminate/Database/Migrations/Migrator.php(739): Illuminate\\Console\\View\\Components\\Task->render()
#15 /home/aquilas/Documents/DEV PROJECT/SGT-RA/CODE/back/vendor/laravel/framework/src/Illuminate/Database/Migrations/Migrator.php(212): Illuminate\\Database\\Migrations\\Migrator->write()
#16 /home/aquilas/Documents/DEV PROJECT/SGT-RA/CODE/back/vendor/laravel/framework/src/Illuminate/Database/Migrations/Migrator.php(179): Illuminate\\Database\\Migrations\\Migrator->runUp()
#17 /home/aquilas/Documents/DEV PROJECT/SGT-RA/CODE/back/vendor/laravel/framework/src/Illuminate/Database/Migrations/Migrator.php(122): Illuminate\\Database\\Migrations\\Migrator->runPending()
#18 /home/aquilas/Documents/DEV PROJECT/SGT-RA/CODE/back/vendor/laravel/framework/src/Illuminate/Database/Console/Migrations/MigrateCommand.php(116): Illuminate\\Database\\Migrations\\Migrator->run()
#19 /home/aquilas/Documents/DEV PROJECT/SGT-RA/CODE/back/vendor/laravel/framework/src/Illuminate/Database/Migrations/Migrator.php(616): Illuminate\\Database\\Console\\Migrations\\MigrateCommand->Illuminate\\Database\\Console\\Migrations\\{closure}()
#20 /home/aquilas/Documents/DEV PROJECT/SGT-RA/CODE/back/vendor/laravel/framework/src/Illuminate/Database/Console/Migrations/MigrateCommand.php(109): Illuminate\\Database\\Migrations\\Migrator->usingConnection()
#21 /home/aquilas/Documents/DEV PROJECT/SGT-RA/CODE/back/vendor/laravel/framework/src/Illuminate/Database/Console/Migrations/MigrateCommand.php(88): Illuminate\\Database\\Console\\Migrations\\MigrateCommand->runMigrations()
#22 /home/aquilas/Documents/DEV PROJECT/SGT-RA/CODE/back/vendor/laravel/framework/src/Illuminate/Container/BoundMethod.php(36): Illuminate\\Database\\Console\\Migrations\\MigrateCommand->handle()
#23 /home/aquilas/Documents/DEV PROJECT/SGT-RA/CODE/back/vendor/laravel/framework/src/Illuminate/Container/Util.php(41): Illuminate\\Container\\BoundMethod::Illuminate\\Container\\{closure}()
#24 /home/aquilas/Documents/DEV PROJECT/SGT-RA/CODE/back/vendor/laravel/framework/src/Illuminate/Container/BoundMethod.php(93): Illuminate\\Container\\Util::unwrapIfClosure()
#25 /home/aquilas/Documents/DEV PROJECT/SGT-RA/CODE/back/vendor/laravel/framework/src/Illuminate/Container/BoundMethod.php(35): Illuminate\\Container\\BoundMethod::callBoundMethod()
#26 /home/aquilas/Documents/DEV PROJECT/SGT-RA/CODE/back/vendor/laravel/framework/src/Illuminate/Container/Container.php(662): Illuminate\\Container\\BoundMethod::call()
#27 /home/aquilas/Documents/DEV PROJECT/SGT-RA/CODE/back/vendor/laravel/framework/src/Illuminate/Console/Command.php(213): Illuminate\\Container\\Container->call()
#28 /home/aquilas/Documents/DEV PROJECT/SGT-RA/CODE/back/vendor/symfony/console/Command/Command.php(279): Illuminate\\Console\\Command->execute()
#29 /home/aquilas/Documents/DEV PROJECT/SGT-RA/CODE/back/vendor/laravel/framework/src/Illuminate/Console/Command.php(182): Symfony\\Component\\Console\\Command\\Command->run()
#30 /home/aquilas/Documents/DEV PROJECT/SGT-RA/CODE/back/vendor/symfony/console/Application.php(1047): Illuminate\\Console\\Command->run()
#31 /home/aquilas/Documents/DEV PROJECT/SGT-RA/CODE/back/vendor/symfony/console/Application.php(316): Symfony\\Component\\Console\\Application->doRunCommand()
#32 /home/aquilas/Documents/DEV PROJECT/SGT-RA/CODE/back/vendor/symfony/console/Application.php(167): Symfony\\Component\\Console\\Application->doRun()
#33 /home/aquilas/Documents/DEV PROJECT/SGT-RA/CODE/back/vendor/laravel/framework/src/Illuminate/Foundation/Console/Kernel.php(196): Symfony\\Component\\Console\\Application->run()
#34 /home/aquilas/Documents/DEV PROJECT/SGT-RA/CODE/back/vendor/laravel/framework/src/Illuminate/Foundation/Application.php(1198): Illuminate\\Foundation\\Console\\Kernel->handle()
#35 /home/aquilas/Documents/DEV PROJECT/SGT-RA/CODE/back/artisan(13): Illuminate\\Foundation\\Application->handleCommand()
#36 {main}
"} 
[2024-06-15 10:26:56] local.ERROR: SQLSTATE[42S01]: Base table or view already exists: 1050 Table 'merchandises' already exists (Connection: mysql, SQL: create table `merchandises` (`id` bigint unsigned not null auto_increment primary key, `expedition_id` bigint unsigned null, `user_id` bigint unsigned not null, `name` varchar(255) null, `description` text null, `quantity` int null, `weight` decimal(8, 2) null, `volume` decimal(8, 2) null, `category` varchar(255) null, `numero_suivi` varchar(255) null, `depart` varchar(255) null, `destination` varchar(255) null, `created_at` timestamp null, `updated_at` timestamp null) default character set utf8mb4 collate 'utf8mb4_unicode_ci') {"exception":"[object] (Illuminate\\Database\\QueryException(code: 42S01): SQLSTATE[42S01]: Base table or view already exists: 1050 Table 'merchandises' already exists (Connection: mysql, SQL: create table `merchandises` (`id` bigint unsigned not null auto_increment primary key, `expedition_id` bigint unsigned null, `user_id` bigint unsigned not null, `name` varchar(255) null, `description` text null, `quantity` int null, `weight` decimal(8, 2) null, `volume` decimal(8, 2) null, `category` varchar(255) null, `numero_suivi` varchar(255) null, `depart` varchar(255) null, `destination` varchar(255) null, `created_at` timestamp null, `updated_at` timestamp null) default character set utf8mb4 collate 'utf8mb4_unicode_ci') at /home/aquilas/Documents/DEV PROJECT/SGT-RA/CODE/back/vendor/laravel/framework/src/Illuminate/Database/Connection.php:813)
[stacktrace]
#0 /home/aquilas/Documents/DEV PROJECT/SGT-RA/CODE/back/vendor/laravel/framework/src/Illuminate/Database/Connection.php(767): Illuminate\\Database\\Connection->runQueryCallback()
#1 /home/aquilas/Documents/DEV PROJECT/SGT-RA/CODE/back/vendor/laravel/framework/src/Illuminate/Database/Connection.php(560): Illuminate\\Database\\Connection->run()
#2 /home/aquilas/Documents/DEV PROJECT/SGT-RA/CODE/back/vendor/laravel/framework/src/Illuminate/Database/Schema/Blueprint.php(109): Illuminate\\Database\\Connection->statement()
#3 /home/aquilas/Documents/DEV PROJECT/SGT-RA/CODE/back/vendor/laravel/framework/src/Illuminate/Database/Schema/Builder.php(564): Illuminate\\Database\\Schema\\Blueprint->build()
#4 /home/aquilas/Documents/DEV PROJECT/SGT-RA/CODE/back/vendor/laravel/framework/src/Illuminate/Database/Schema/Builder.php(418): Illuminate\\Database\\Schema\\Builder->build()
#5 /home/aquilas/Documents/DEV PROJECT/SGT-RA/CODE/back/vendor/laravel/framework/src/Illuminate/Support/Facades/Facade.php(357): Illuminate\\Database\\Schema\\Builder->create()
#6 /home/aquilas/Documents/DEV PROJECT/SGT-RA/CODE/back/database/migrations/2024_06_14_211504_create_merchandises_table.php(14): Illuminate\\Support\\Facades\\Facade::__callStatic()
#7 /home/aquilas/Documents/DEV PROJECT/SGT-RA/CODE/back/vendor/laravel/framework/src/Illuminate/Database/Migrations/Migrator.php(476): Illuminate\\Database\\Migrations\\Migration@anonymous->up()
#8 /home/aquilas/Documents/DEV PROJECT/SGT-RA/CODE/back/vendor/laravel/framework/src/Illuminate/Database/Migrations/Migrator.php(402): Illuminate\\Database\\Migrations\\Migrator->runMethod()
#9 /home/aquilas/Documents/DEV PROJECT/SGT-RA/CODE/back/vendor/laravel/framework/src/Illuminate/Database/Migrations/Migrator.php(411): Illuminate\\Database\\Migrations\\Migrator->Illuminate\\Database\\Migrations\\{closure}()
#10 /home/aquilas/Documents/DEV PROJECT/SGT-RA/CODE/back/vendor/laravel/framework/src/Illuminate/Database/Migrations/Migrator.php(212): Illuminate\\Database\\Migrations\\Migrator->runMigration()
#11 /home/aquilas/Documents/DEV PROJECT/SGT-RA/CODE/back/vendor/laravel/framework/src/Illuminate/Console/View/Components/Task.php(40): Illuminate\\Database\\Migrations\\Migrator->Illuminate\\Database\\Migrations\\{closure}()
#12 /home/aquilas/Documents/DEV PROJECT/SGT-RA/CODE/back/vendor/laravel/framework/src/Illuminate/Database/Migrations/Migrator.php(739): Illuminate\\Console\\View\\Components\\Task->render()
#13 /home/aquilas/Documents/DEV PROJECT/SGT-RA/CODE/back/vendor/laravel/framework/src/Illuminate/Database/Migrations/Migrator.php(212): Illuminate\\Database\\Migrations\\Migrator->write()
#14 /home/aquilas/Documents/DEV PROJECT/SGT-RA/CODE/back/vendor/laravel/framework/src/Illuminate/Database/Migrations/Migrator.php(179): Illuminate\\Database\\Migrations\\Migrator->runUp()
#15 /home/aquilas/Documents/DEV PROJECT/SGT-RA/CODE/back/vendor/laravel/framework/src/Illuminate/Database/Migrations/Migrator.php(122): Illuminate\\Database\\Migrations\\Migrator->runPending()
#16 /home/aquilas/Documents/DEV PROJECT/SGT-RA/CODE/back/vendor/laravel/framework/src/Illuminate/Database/Console/Migrations/MigrateCommand.php(116): Illuminate\\Database\\Migrations\\Migrator->run()
#17 /home/aquilas/Documents/DEV PROJECT/SGT-RA/CODE/back/vendor/laravel/framework/src/Illuminate/Database/Migrations/Migrator.php(616): Illuminate\\Database\\Console\\Migrations\\MigrateCommand->Illuminate\\Database\\Console\\Migrations\\{closure}()
#18 /home/aquilas/Documents/DEV PROJECT/SGT-RA/CODE/back/vendor/laravel/framework/src/Illuminate/Database/Console/Migrations/MigrateCommand.php(109): Illuminate\\Database\\Migrations\\Migrator->usingConnection()
#19 /home/aquilas/Documents/DEV PROJECT/SGT-RA/CODE/back/vendor/laravel/framework/src/Illuminate/Database/Console/Migrations/MigrateCommand.php(88): Illuminate\\Database\\Console\\Migrations\\MigrateCommand->runMigrations()
#20 /home/aquilas/Documents/DEV PROJECT/SGT-RA/CODE/back/vendor/laravel/framework/src/Illuminate/Container/BoundMethod.php(36): Illuminate\\Database\\Console\\Migrations\\MigrateCommand->handle()
#21 /home/aquilas/Documents/DEV PROJECT/SGT-RA/CODE/back/vendor/laravel/framework/src/Illuminate/Container/Util.php(41): Illuminate\\Container\\BoundMethod::Illuminate\\Container\\{closure}()
#22 /home/aquilas/Documents/DEV PROJECT/SGT-RA/CODE/back/vendor/laravel/framework/src/Illuminate/Container/BoundMethod.php(93): Illuminate\\Container\\Util::unwrapIfClosure()
#23 /home/aquilas/Documents/DEV PROJECT/SGT-RA/CODE/back/vendor/laravel/framework/src/Illuminate/Container/BoundMethod.php(35): Illuminate\\Container\\BoundMethod::callBoundMethod()
#24 /home/aquilas/Documents/DEV PROJECT/SGT-RA/CODE/back/vendor/laravel/framework/src/Illuminate/Container/Container.php(662): Illuminate\\Container\\BoundMethod::call()
#25 /home/aquilas/Documents/DEV PROJECT/SGT-RA/CODE/back/vendor/laravel/framework/src/Illuminate/Console/Command.php(213): Illuminate\\Container\\Container->call()
#26 /home/aquilas/Documents/DEV PROJECT/SGT-RA/CODE/back/vendor/symfony/console/Command/Command.php(279): Illuminate\\Console\\Command->execute()
#27 /home/aquilas/Documents/DEV PROJECT/SGT-RA/CODE/back/vendor/laravel/framework/src/Illuminate/Console/Command.php(182): Symfony\\Component\\Console\\Command\\Command->run()
#28 /home/aquilas/Documents/DEV PROJECT/SGT-RA/CODE/back/vendor/symfony/console/Application.php(1047): Illuminate\\Console\\Command->run()
#29 /home/aquilas/Documents/DEV PROJECT/SGT-RA/CODE/back/vendor/symfony/console/Application.php(316): Symfony\\Component\\Console\\Application->doRunCommand()
#30 /home/aquilas/Documents/DEV PROJECT/SGT-RA/CODE/back/vendor/symfony/console/Application.php(167): Symfony\\Component\\Console\\Application->doRun()
#31 /home/aquilas/Documents/DEV PROJECT/SGT-RA/CODE/back/vendor/laravel/framework/src/Illuminate/Foundation/Console/Kernel.php(196): Symfony\\Component\\Console\\Application->run()
#32 /home/aquilas/Documents/DEV PROJECT/SGT-RA/CODE/back/vendor/laravel/framework/src/Illuminate/Foundation/Application.php(1198): Illuminate\\Foundation\\Console\\Kernel->handle()
#33 /home/aquilas/Documents/DEV PROJECT/SGT-RA/CODE/back/artisan(13): Illuminate\\Foundation\\Application->handleCommand()
#34 {main}

[previous exception] [object] (PDOException(code: 42S01): SQLSTATE[42S01]: Base table or view already exists: 1050 Table 'merchandises' already exists at /home/aquilas/Documents/DEV PROJECT/SGT-RA/CODE/back/vendor/laravel/framework/src/Illuminate/Database/Connection.php:571)
[stacktrace]
#0 /home/aquilas/Documents/DEV PROJECT/SGT-RA/CODE/back/vendor/laravel/framework/src/Illuminate/Database/Connection.php(571): PDOStatement->execute()
#1 /home/aquilas/Documents/DEV PROJECT/SGT-RA/CODE/back/vendor/laravel/framework/src/Illuminate/Database/Connection.php(800): Illuminate\\Database\\Connection->Illuminate\\Database\\{closure}()
#2 /home/aquilas/Documents/DEV PROJECT/SGT-RA/CODE/back/vendor/laravel/framework/src/Illuminate/Database/Connection.php(767): Illuminate\\Database\\Connection->runQueryCallback()
#3 /home/aquilas/Documents/DEV PROJECT/SGT-RA/CODE/back/vendor/laravel/framework/src/Illuminate/Database/Connection.php(560): Illuminate\\Database\\Connection->run()
#4 /home/aquilas/Documents/DEV PROJECT/SGT-RA/CODE/back/vendor/laravel/framework/src/Illuminate/Database/Schema/Blueprint.php(109): Illuminate\\Database\\Connection->statement()
#5 /home/aquilas/Documents/DEV PROJECT/SGT-RA/CODE/back/vendor/laravel/framework/src/Illuminate/Database/Schema/Builder.php(564): Illuminate\\Database\\Schema\\Blueprint->build()
#6 /home/aquilas/Documents/DEV PROJECT/SGT-RA/CODE/back/vendor/laravel/framework/src/Illuminate/Database/Schema/Builder.php(418): Illuminate\\Database\\Schema\\Builder->build()
#7 /home/aquilas/Documents/DEV PROJECT/SGT-RA/CODE/back/vendor/laravel/framework/src/Illuminate/Support/Facades/Facade.php(357): Illuminate\\Database\\Schema\\Builder->create()
#8 /home/aquilas/Documents/DEV PROJECT/SGT-RA/CODE/back/database/migrations/2024_06_14_211504_create_merchandises_table.php(14): Illuminate\\Support\\Facades\\Facade::__callStatic()
#9 /home/aquilas/Documents/DEV PROJECT/SGT-RA/CODE/back/vendor/laravel/framework/src/Illuminate/Database/Migrations/Migrator.php(476): Illuminate\\Database\\Migrations\\Migration@anonymous->up()
#10 /home/aquilas/Documents/DEV PROJECT/SGT-RA/CODE/back/vendor/laravel/framework/src/Illuminate/Database/Migrations/Migrator.php(402): Illuminate\\Database\\Migrations\\Migrator->runMethod()
#11 /home/aquilas/Documents/DEV PROJECT/SGT-RA/CODE/back/vendor/laravel/framework/src/Illuminate/Database/Migrations/Migrator.php(411): Illuminate\\Database\\Migrations\\Migrator->Illuminate\\Database\\Migrations\\{closure}()
#12 /home/aquilas/Documents/DEV PROJECT/SGT-RA/CODE/back/vendor/laravel/framework/src/Illuminate/Database/Migrations/Migrator.php(212): Illuminate\\Database\\Migrations\\Migrator->runMigration()
#13 /home/aquilas/Documents/DEV PROJECT/SGT-RA/CODE/back/vendor/laravel/framework/src/Illuminate/Console/View/Components/Task.php(40): Illuminate\\Database\\Migrations\\Migrator->Illuminate\\Database\\Migrations\\{closure}()
#14 /home/aquilas/Documents/DEV PROJECT/SGT-RA/CODE/back/vendor/laravel/framework/src/Illuminate/Database/Migrations/Migrator.php(739): Illuminate\\Console\\View\\Components\\Task->render()
#15 /home/aquilas/Documents/DEV PROJECT/SGT-RA/CODE/back/vendor/laravel/framework/src/Illuminate/Database/Migrations/Migrator.php(212): Illuminate\\Database\\Migrations\\Migrator->write()
#16 /home/aquilas/Documents/DEV PROJECT/SGT-RA/CODE/back/vendor/laravel/framework/src/Illuminate/Database/Migrations/Migrator.php(179): Illuminate\\Database\\Migrations\\Migrator->runUp()
#17 /home/aquilas/Documents/DEV PROJECT/SGT-RA/CODE/back/vendor/laravel/framework/src/Illuminate/Database/Migrations/Migrator.php(122): Illuminate\\Database\\Migrations\\Migrator->runPending()
#18 /home/aquilas/Documents/DEV PROJECT/SGT-RA/CODE/back/vendor/laravel/framework/src/Illuminate/Database/Console/Migrations/MigrateCommand.php(116): Illuminate\\Database\\Migrations\\Migrator->run()
#19 /home/aquilas/Documents/DEV PROJECT/SGT-RA/CODE/back/vendor/laravel/framework/src/Illuminate/Database/Migrations/Migrator.php(616): Illuminate\\Database\\Console\\Migrations\\MigrateCommand->Illuminate\\Database\\Console\\Migrations\\{closure}()
#20 /home/aquilas/Documents/DEV PROJECT/SGT-RA/CODE/back/vendor/laravel/framework/src/Illuminate/Database/Console/Migrations/MigrateCommand.php(109): Illuminate\\Database\\Migrations\\Migrator->usingConnection()
#21 /home/aquilas/Documents/DEV PROJECT/SGT-RA/CODE/back/vendor/laravel/framework/src/Illuminate/Database/Console/Migrations/MigrateCommand.php(88): Illuminate\\Database\\Console\\Migrations\\MigrateCommand->runMigrations()
#22 /home/aquilas/Documents/DEV PROJECT/SGT-RA/CODE/back/vendor/laravel/framework/src/Illuminate/Container/BoundMethod.php(36): Illuminate\\Database\\Console\\Migrations\\MigrateCommand->handle()
#23 /home/aquilas/Documents/DEV PROJECT/SGT-RA/CODE/back/vendor/laravel/framework/src/Illuminate/Container/Util.php(41): Illuminate\\Container\\BoundMethod::Illuminate\\Container\\{closure}()
#24 /home/aquilas/Documents/DEV PROJECT/SGT-RA/CODE/back/vendor/laravel/framework/src/Illuminate/Container/BoundMethod.php(93): Illuminate\\Container\\Util::unwrapIfClosure()
#25 /home/aquilas/Documents/DEV PROJECT/SGT-RA/CODE/back/vendor/laravel/framework/src/Illuminate/Container/BoundMethod.php(35): Illuminate\\Container\\BoundMethod::callBoundMethod()
#26 /home/aquilas/Documents/DEV PROJECT/SGT-RA/CODE/back/vendor/laravel/framework/src/Illuminate/Container/Container.php(662): Illuminate\\Container\\BoundMethod::call()
#27 /home/aquilas/Documents/DEV PROJECT/SGT-RA/CODE/back/vendor/laravel/framework/src/Illuminate/Console/Command.php(213): Illuminate\\Container\\Container->call()
#28 /home/aquilas/Documents/DEV PROJECT/SGT-RA/CODE/back/vendor/symfony/console/Command/Command.php(279): Illuminate\\Console\\Command->execute()
#29 /home/aquilas/Documents/DEV PROJECT/SGT-RA/CODE/back/vendor/laravel/framework/src/Illuminate/Console/Command.php(182): Symfony\\Component\\Console\\Command\\Command->run()
#30 /home/aquilas/Documents/DEV PROJECT/SGT-RA/CODE/back/vendor/symfony/console/Application.php(1047): Illuminate\\Console\\Command->run()
#31 /home/aquilas/Documents/DEV PROJECT/SGT-RA/CODE/back/vendor/symfony/console/Application.php(316): Symfony\\Component\\Console\\Application->doRunCommand()
#32 /home/aquilas/Documents/DEV PROJECT/SGT-RA/CODE/back/vendor/symfony/console/Application.php(167): Symfony\\Component\\Console\\Application->doRun()
#33 /home/aquilas/Documents/DEV PROJECT/SGT-RA/CODE/back/vendor/laravel/framework/src/Illuminate/Foundation/Console/Kernel.php(196): Symfony\\Component\\Console\\Application->run()
#34 /home/aquilas/Documents/DEV PROJECT/SGT-RA/CODE/back/vendor/laravel/framework/src/Illuminate/Foundation/Application.php(1198): Illuminate\\Foundation\\Console\\Kernel->handle()
#35 /home/aquilas/Documents/DEV PROJECT/SGT-RA/CODE/back/artisan(13): Illuminate\\Foundation\\Application->handleCommand()
#36 {main}
"} 
[2024-06-15 10:33:18] local.ERROR: SQLSTATE[HY000]: General error: 1005 Can't create table `transport`.`merchandises` (errno: 150 "Foreign key constraint is incorrectly formed") (Connection: mysql, SQL: alter table `merchandises` add constraint `merchandises_expedition_id_foreign` foreign key (`expedition_id`) references `expeditions` (`id`) on delete cascade) {"exception":"[object] (Illuminate\\Database\\QueryException(code: HY000): SQLSTATE[HY000]: General error: 1005 Can't create table `transport`.`merchandises` (errno: 150 \"Foreign key constraint is incorrectly formed\") (Connection: mysql, SQL: alter table `merchandises` add constraint `merchandises_expedition_id_foreign` foreign key (`expedition_id`) references `expeditions` (`id`) on delete cascade) at /home/aquilas/Documents/DEV PROJECT/SGT-RA/CODE/back/vendor/laravel/framework/src/Illuminate/Database/Connection.php:813)
[stacktrace]
#0 /home/aquilas/Documents/DEV PROJECT/SGT-RA/CODE/back/vendor/laravel/framework/src/Illuminate/Database/Connection.php(767): Illuminate\\Database\\Connection->runQueryCallback()
#1 /home/aquilas/Documents/DEV PROJECT/SGT-RA/CODE/back/vendor/laravel/framework/src/Illuminate/Database/Connection.php(560): Illuminate\\Database\\Connection->run()
#2 /home/aquilas/Documents/DEV PROJECT/SGT-RA/CODE/back/vendor/laravel/framework/src/Illuminate/Database/Schema/Blueprint.php(109): Illuminate\\Database\\Connection->statement()
#3 /home/aquilas/Documents/DEV PROJECT/SGT-RA/CODE/back/vendor/laravel/framework/src/Illuminate/Database/Schema/Builder.php(564): Illuminate\\Database\\Schema\\Blueprint->build()
#4 /home/aquilas/Documents/DEV PROJECT/SGT-RA/CODE/back/vendor/laravel/framework/src/Illuminate/Database/Schema/Builder.php(418): Illuminate\\Database\\Schema\\Builder->build()
#5 /home/aquilas/Documents/DEV PROJECT/SGT-RA/CODE/back/vendor/laravel/framework/src/Illuminate/Support/Facades/Facade.php(357): Illuminate\\Database\\Schema\\Builder->create()
#6 /home/aquilas/Documents/DEV PROJECT/SGT-RA/CODE/back/database/migrations/2024_06_14_211504_create_merchandises_table.php(14): Illuminate\\Support\\Facades\\Facade::__callStatic()
#7 /home/aquilas/Documents/DEV PROJECT/SGT-RA/CODE/back/vendor/laravel/framework/src/Illuminate/Database/Migrations/Migrator.php(476): Illuminate\\Database\\Migrations\\Migration@anonymous->up()
#8 /home/aquilas/Documents/DEV PROJECT/SGT-RA/CODE/back/vendor/laravel/framework/src/Illuminate/Database/Migrations/Migrator.php(402): Illuminate\\Database\\Migrations\\Migrator->runMethod()
#9 /home/aquilas/Documents/DEV PROJECT/SGT-RA/CODE/back/vendor/laravel/framework/src/Illuminate/Database/Migrations/Migrator.php(411): Illuminate\\Database\\Migrations\\Migrator->Illuminate\\Database\\Migrations\\{closure}()
#10 /home/aquilas/Documents/DEV PROJECT/SGT-RA/CODE/back/vendor/laravel/framework/src/Illuminate/Database/Migrations/Migrator.php(212): Illuminate\\Database\\Migrations\\Migrator->runMigration()
#11 /home/aquilas/Documents/DEV PROJECT/SGT-RA/CODE/back/vendor/laravel/framework/src/Illuminate/Console/View/Components/Task.php(40): Illuminate\\Database\\Migrations\\Migrator->Illuminate\\Database\\Migrations\\{closure}()
#12 /home/aquilas/Documents/DEV PROJECT/SGT-RA/CODE/back/vendor/laravel/framework/src/Illuminate/Database/Migrations/Migrator.php(739): Illuminate\\Console\\View\\Components\\Task->render()
#13 /home/aquilas/Documents/DEV PROJECT/SGT-RA/CODE/back/vendor/laravel/framework/src/Illuminate/Database/Migrations/Migrator.php(212): Illuminate\\Database\\Migrations\\Migrator->write()
#14 /home/aquilas/Documents/DEV PROJECT/SGT-RA/CODE/back/vendor/laravel/framework/src/Illuminate/Database/Migrations/Migrator.php(179): Illuminate\\Database\\Migrations\\Migrator->runUp()
#15 /home/aquilas/Documents/DEV PROJECT/SGT-RA/CODE/back/vendor/laravel/framework/src/Illuminate/Database/Migrations/Migrator.php(122): Illuminate\\Database\\Migrations\\Migrator->runPending()
#16 /home/aquilas/Documents/DEV PROJECT/SGT-RA/CODE/back/vendor/laravel/framework/src/Illuminate/Database/Console/Migrations/MigrateCommand.php(116): Illuminate\\Database\\Migrations\\Migrator->run()
#17 /home/aquilas/Documents/DEV PROJECT/SGT-RA/CODE/back/vendor/laravel/framework/src/Illuminate/Database/Migrations/Migrator.php(616): Illuminate\\Database\\Console\\Migrations\\MigrateCommand->Illuminate\\Database\\Console\\Migrations\\{closure}()
#18 /home/aquilas/Documents/DEV PROJECT/SGT-RA/CODE/back/vendor/laravel/framework/src/Illuminate/Database/Console/Migrations/MigrateCommand.php(109): Illuminate\\Database\\Migrations\\Migrator->usingConnection()
#19 /home/aquilas/Documents/DEV PROJECT/SGT-RA/CODE/back/vendor/laravel/framework/src/Illuminate/Database/Console/Migrations/MigrateCommand.php(88): Illuminate\\Database\\Console\\Migrations\\MigrateCommand->runMigrations()
#20 /home/aquilas/Documents/DEV PROJECT/SGT-RA/CODE/back/vendor/laravel/framework/src/Illuminate/Container/BoundMethod.php(36): Illuminate\\Database\\Console\\Migrations\\MigrateCommand->handle()
#21 /home/aquilas/Documents/DEV PROJECT/SGT-RA/CODE/back/vendor/laravel/framework/src/Illuminate/Container/Util.php(41): Illuminate\\Container\\BoundMethod::Illuminate\\Container\\{closure}()
#22 /home/aquilas/Documents/DEV PROJECT/SGT-RA/CODE/back/vendor/laravel/framework/src/Illuminate/Container/BoundMethod.php(93): Illuminate\\Container\\Util::unwrapIfClosure()
#23 /home/aquilas/Documents/DEV PROJECT/SGT-RA/CODE/back/vendor/laravel/framework/src/Illuminate/Container/BoundMethod.php(35): Illuminate\\Container\\BoundMethod::callBoundMethod()
#24 /home/aquilas/Documents/DEV PROJECT/SGT-RA/CODE/back/vendor/laravel/framework/src/Illuminate/Container/Container.php(662): Illuminate\\Container\\BoundMethod::call()
#25 /home/aquilas/Documents/DEV PROJECT/SGT-RA/CODE/back/vendor/laravel/framework/src/Illuminate/Console/Command.php(213): Illuminate\\Container\\Container->call()
#26 /home/aquilas/Documents/DEV PROJECT/SGT-RA/CODE/back/vendor/symfony/console/Command/Command.php(279): Illuminate\\Console\\Command->execute()
#27 /home/aquilas/Documents/DEV PROJECT/SGT-RA/CODE/back/vendor/laravel/framework/src/Illuminate/Console/Command.php(182): Symfony\\Component\\Console\\Command\\Command->run()
#28 /home/aquilas/Documents/DEV PROJECT/SGT-RA/CODE/back/vendor/symfony/console/Application.php(1047): Illuminate\\Console\\Command->run()
#29 /home/aquilas/Documents/DEV PROJECT/SGT-RA/CODE/back/vendor/symfony/console/Application.php(316): Symfony\\Component\\Console\\Application->doRunCommand()
#30 /home/aquilas/Documents/DEV PROJECT/SGT-RA/CODE/back/vendor/symfony/console/Application.php(167): Symfony\\Component\\Console\\Application->doRun()
#31 /home/aquilas/Documents/DEV PROJECT/SGT-RA/CODE/back/vendor/laravel/framework/src/Illuminate/Foundation/Console/Kernel.php(196): Symfony\\Component\\Console\\Application->run()
#32 /home/aquilas/Documents/DEV PROJECT/SGT-RA/CODE/back/vendor/laravel/framework/src/Illuminate/Foundation/Application.php(1198): Illuminate\\Foundation\\Console\\Kernel->handle()
#33 /home/aquilas/Documents/DEV PROJECT/SGT-RA/CODE/back/artisan(13): Illuminate\\Foundation\\Application->handleCommand()
#34 {main}

[previous exception] [object] (PDOException(code: HY000): SQLSTATE[HY000]: General error: 1005 Can't create table `transport`.`merchandises` (errno: 150 \"Foreign key constraint is incorrectly formed\") at /home/aquilas/Documents/DEV PROJECT/SGT-RA/CODE/back/vendor/laravel/framework/src/Illuminate/Database/Connection.php:571)
[stacktrace]
#0 /home/aquilas/Documents/DEV PROJECT/SGT-RA/CODE/back/vendor/laravel/framework/src/Illuminate/Database/Connection.php(571): PDOStatement->execute()
#1 /home/aquilas/Documents/DEV PROJECT/SGT-RA/CODE/back/vendor/laravel/framework/src/Illuminate/Database/Connection.php(800): Illuminate\\Database\\Connection->Illuminate\\Database\\{closure}()
#2 /home/aquilas/Documents/DEV PROJECT/SGT-RA/CODE/back/vendor/laravel/framework/src/Illuminate/Database/Connection.php(767): Illuminate\\Database\\Connection->runQueryCallback()
#3 /home/aquilas/Documents/DEV PROJECT/SGT-RA/CODE/back/vendor/laravel/framework/src/Illuminate/Database/Connection.php(560): Illuminate\\Database\\Connection->run()
#4 /home/aquilas/Documents/DEV PROJECT/SGT-RA/CODE/back/vendor/laravel/framework/src/Illuminate/Database/Schema/Blueprint.php(109): Illuminate\\Database\\Connection->statement()
#5 /home/aquilas/Documents/DEV PROJECT/SGT-RA/CODE/back/vendor/laravel/framework/src/Illuminate/Database/Schema/Builder.php(564): Illuminate\\Database\\Schema\\Blueprint->build()
#6 /home/aquilas/Documents/DEV PROJECT/SGT-RA/CODE/back/vendor/laravel/framework/src/Illuminate/Database/Schema/Builder.php(418): Illuminate\\Database\\Schema\\Builder->build()
#7 /home/aquilas/Documents/DEV PROJECT/SGT-RA/CODE/back/vendor/laravel/framework/src/Illuminate/Support/Facades/Facade.php(357): Illuminate\\Database\\Schema\\Builder->create()
#8 /home/aquilas/Documents/DEV PROJECT/SGT-RA/CODE/back/database/migrations/2024_06_14_211504_create_merchandises_table.php(14): Illuminate\\Support\\Facades\\Facade::__callStatic()
#9 /home/aquilas/Documents/DEV PROJECT/SGT-RA/CODE/back/vendor/laravel/framework/src/Illuminate/Database/Migrations/Migrator.php(476): Illuminate\\Database\\Migrations\\Migration@anonymous->up()
#10 /home/aquilas/Documents/DEV PROJECT/SGT-RA/CODE/back/vendor/laravel/framework/src/Illuminate/Database/Migrations/Migrator.php(402): Illuminate\\Database\\Migrations\\Migrator->runMethod()
#11 /home/aquilas/Documents/DEV PROJECT/SGT-RA/CODE/back/vendor/laravel/framework/src/Illuminate/Database/Migrations/Migrator.php(411): Illuminate\\Database\\Migrations\\Migrator->Illuminate\\Database\\Migrations\\{closure}()
#12 /home/aquilas/Documents/DEV PROJECT/SGT-RA/CODE/back/vendor/laravel/framework/src/Illuminate/Database/Migrations/Migrator.php(212): Illuminate\\Database\\Migrations\\Migrator->runMigration()
#13 /home/aquilas/Documents/DEV PROJECT/SGT-RA/CODE/back/vendor/laravel/framework/src/Illuminate/Console/View/Components/Task.php(40): Illuminate\\Database\\Migrations\\Migrator->Illuminate\\Database\\Migrations\\{closure}()
#14 /home/aquilas/Documents/DEV PROJECT/SGT-RA/CODE/back/vendor/laravel/framework/src/Illuminate/Database/Migrations/Migrator.php(739): Illuminate\\Console\\View\\Components\\Task->render()
#15 /home/aquilas/Documents/DEV PROJECT/SGT-RA/CODE/back/vendor/laravel/framework/src/Illuminate/Database/Migrations/Migrator.php(212): Illuminate\\Database\\Migrations\\Migrator->write()
#16 /home/aquilas/Documents/DEV PROJECT/SGT-RA/CODE/back/vendor/laravel/framework/src/Illuminate/Database/Migrations/Migrator.php(179): Illuminate\\Database\\Migrations\\Migrator->runUp()
#17 /home/aquilas/Documents/DEV PROJECT/SGT-RA/CODE/back/vendor/laravel/framework/src/Illuminate/Database/Migrations/Migrator.php(122): Illuminate\\Database\\Migrations\\Migrator->runPending()
#18 /home/aquilas/Documents/DEV PROJECT/SGT-RA/CODE/back/vendor/laravel/framework/src/Illuminate/Database/Console/Migrations/MigrateCommand.php(116): Illuminate\\Database\\Migrations\\Migrator->run()
#19 /home/aquilas/Documents/DEV PROJECT/SGT-RA/CODE/back/vendor/laravel/framework/src/Illuminate/Database/Migrations/Migrator.php(616): Illuminate\\Database\\Console\\Migrations\\MigrateCommand->Illuminate\\Database\\Console\\Migrations\\{closure}()
#20 /home/aquilas/Documents/DEV PROJECT/SGT-RA/CODE/back/vendor/laravel/framework/src/Illuminate/Database/Console/Migrations/MigrateCommand.php(109): Illuminate\\Database\\Migrations\\Migrator->usingConnection()
#21 /home/aquilas/Documents/DEV PROJECT/SGT-RA/CODE/back/vendor/laravel/framework/src/Illuminate/Database/Console/Migrations/MigrateCommand.php(88): Illuminate\\Database\\Console\\Migrations\\MigrateCommand->runMigrations()
#22 /home/aquilas/Documents/DEV PROJECT/SGT-RA/CODE/back/vendor/laravel/framework/src/Illuminate/Container/BoundMethod.php(36): Illuminate\\Database\\Console\\Migrations\\MigrateCommand->handle()
#23 /home/aquilas/Documents/DEV PROJECT/SGT-RA/CODE/back/vendor/laravel/framework/src/Illuminate/Container/Util.php(41): Illuminate\\Container\\BoundMethod::Illuminate\\Container\\{closure}()
#24 /home/aquilas/Documents/DEV PROJECT/SGT-RA/CODE/back/vendor/laravel/framework/src/Illuminate/Container/BoundMethod.php(93): Illuminate\\Container\\Util::unwrapIfClosure()
#25 /home/aquilas/Documents/DEV PROJECT/SGT-RA/CODE/back/vendor/laravel/framework/src/Illuminate/Container/BoundMethod.php(35): Illuminate\\Container\\BoundMethod::callBoundMethod()
#26 /home/aquilas/Documents/DEV PROJECT/SGT-RA/CODE/back/vendor/laravel/framework/src/Illuminate/Container/Container.php(662): Illuminate\\Container\\BoundMethod::call()
#27 /home/aquilas/Documents/DEV PROJECT/SGT-RA/CODE/back/vendor/laravel/framework/src/Illuminate/Console/Command.php(213): Illuminate\\Container\\Container->call()
#28 /home/aquilas/Documents/DEV PROJECT/SGT-RA/CODE/back/vendor/symfony/console/Command/Command.php(279): Illuminate\\Console\\Command->execute()
#29 /home/aquilas/Documents/DEV PROJECT/SGT-RA/CODE/back/vendor/laravel/framework/src/Illuminate/Console/Command.php(182): Symfony\\Component\\Console\\Command\\Command->run()
#30 /home/aquilas/Documents/DEV PROJECT/SGT-RA/CODE/back/vendor/symfony/console/Application.php(1047): Illuminate\\Console\\Command->run()
#31 /home/aquilas/Documents/DEV PROJECT/SGT-RA/CODE/back/vendor/symfony/console/Application.php(316): Symfony\\Component\\Console\\Application->doRunCommand()
#32 /home/aquilas/Documents/DEV PROJECT/SGT-RA/CODE/back/vendor/symfony/console/Application.php(167): Symfony\\Component\\Console\\Application->doRun()
#33 /home/aquilas/Documents/DEV PROJECT/SGT-RA/CODE/back/vendor/laravel/framework/src/Illuminate/Foundation/Console/Kernel.php(196): Symfony\\Component\\Console\\Application->run()
#34 /home/aquilas/Documents/DEV PROJECT/SGT-RA/CODE/back/vendor/laravel/framework/src/Illuminate/Foundation/Application.php(1198): Illuminate\\Foundation\\Console\\Kernel->handle()
#35 /home/aquilas/Documents/DEV PROJECT/SGT-RA/CODE/back/artisan(13): Illuminate\\Foundation\\Application->handleCommand()
#36 {main}
"} 
[2024-06-15 10:35:11] local.ERROR: SQLSTATE[42S01]: Base table or view already exists: 1050 Table 'merchandises' already exists (Connection: mysql, SQL: create table `merchandises` (`id` bigint unsigned not null auto_increment primary key, `expedition_id` bigint unsigned null, `user_id` bigint unsigned not null, `name` varchar(255) null, `description` text null, `quantity` int null, `weight` decimal(8, 2) null, `volume` decimal(8, 2) null, `category` varchar(255) null, `numero_suivi` varchar(255) null, `depart` varchar(255) null, `destination` varchar(255) null, `created_at` timestamp null, `updated_at` timestamp null) default character set utf8mb4 collate 'utf8mb4_unicode_ci') {"exception":"[object] (Illuminate\\Database\\QueryException(code: 42S01): SQLSTATE[42S01]: Base table or view already exists: 1050 Table 'merchandises' already exists (Connection: mysql, SQL: create table `merchandises` (`id` bigint unsigned not null auto_increment primary key, `expedition_id` bigint unsigned null, `user_id` bigint unsigned not null, `name` varchar(255) null, `description` text null, `quantity` int null, `weight` decimal(8, 2) null, `volume` decimal(8, 2) null, `category` varchar(255) null, `numero_suivi` varchar(255) null, `depart` varchar(255) null, `destination` varchar(255) null, `created_at` timestamp null, `updated_at` timestamp null) default character set utf8mb4 collate 'utf8mb4_unicode_ci') at /home/aquilas/Documents/DEV PROJECT/SGT-RA/CODE/back/vendor/laravel/framework/src/Illuminate/Database/Connection.php:813)
[stacktrace]
#0 /home/aquilas/Documents/DEV PROJECT/SGT-RA/CODE/back/vendor/laravel/framework/src/Illuminate/Database/Connection.php(767): Illuminate\\Database\\Connection->runQueryCallback()
#1 /home/aquilas/Documents/DEV PROJECT/SGT-RA/CODE/back/vendor/laravel/framework/src/Illuminate/Database/Connection.php(560): Illuminate\\Database\\Connection->run()
#2 /home/aquilas/Documents/DEV PROJECT/SGT-RA/CODE/back/vendor/laravel/framework/src/Illuminate/Database/Schema/Blueprint.php(109): Illuminate\\Database\\Connection->statement()
#3 /home/aquilas/Documents/DEV PROJECT/SGT-RA/CODE/back/vendor/laravel/framework/src/Illuminate/Database/Schema/Builder.php(564): Illuminate\\Database\\Schema\\Blueprint->build()
#4 /home/aquilas/Documents/DEV PROJECT/SGT-RA/CODE/back/vendor/laravel/framework/src/Illuminate/Database/Schema/Builder.php(418): Illuminate\\Database\\Schema\\Builder->build()
#5 /home/aquilas/Documents/DEV PROJECT/SGT-RA/CODE/back/vendor/laravel/framework/src/Illuminate/Support/Facades/Facade.php(357): Illuminate\\Database\\Schema\\Builder->create()
#6 /home/aquilas/Documents/DEV PROJECT/SGT-RA/CODE/back/database/migrations/2024_06_14_211504_create_merchandises_table.php(14): Illuminate\\Support\\Facades\\Facade::__callStatic()
#7 /home/aquilas/Documents/DEV PROJECT/SGT-RA/CODE/back/vendor/laravel/framework/src/Illuminate/Database/Migrations/Migrator.php(476): Illuminate\\Database\\Migrations\\Migration@anonymous->up()
#8 /home/aquilas/Documents/DEV PROJECT/SGT-RA/CODE/back/vendor/laravel/framework/src/Illuminate/Database/Migrations/Migrator.php(402): Illuminate\\Database\\Migrations\\Migrator->runMethod()
#9 /home/aquilas/Documents/DEV PROJECT/SGT-RA/CODE/back/vendor/laravel/framework/src/Illuminate/Database/Migrations/Migrator.php(411): Illuminate\\Database\\Migrations\\Migrator->Illuminate\\Database\\Migrations\\{closure}()
#10 /home/aquilas/Documents/DEV PROJECT/SGT-RA/CODE/back/vendor/laravel/framework/src/Illuminate/Database/Migrations/Migrator.php(212): Illuminate\\Database\\Migrations\\Migrator->runMigration()
#11 /home/aquilas/Documents/DEV PROJECT/SGT-RA/CODE/back/vendor/laravel/framework/src/Illuminate/Console/View/Components/Task.php(40): Illuminate\\Database\\Migrations\\Migrator->Illuminate\\Database\\Migrations\\{closure}()
#12 /home/aquilas/Documents/DEV PROJECT/SGT-RA/CODE/back/vendor/laravel/framework/src/Illuminate/Database/Migrations/Migrator.php(739): Illuminate\\Console\\View\\Components\\Task->render()
#13 /home/aquilas/Documents/DEV PROJECT/SGT-RA/CODE/back/vendor/laravel/framework/src/Illuminate/Database/Migrations/Migrator.php(212): Illuminate\\Database\\Migrations\\Migrator->write()
#14 /home/aquilas/Documents/DEV PROJECT/SGT-RA/CODE/back/vendor/laravel/framework/src/Illuminate/Database/Migrations/Migrator.php(179): Illuminate\\Database\\Migrations\\Migrator->runUp()
#15 /home/aquilas/Documents/DEV PROJECT/SGT-RA/CODE/back/vendor/laravel/framework/src/Illuminate/Database/Migrations/Migrator.php(122): Illuminate\\Database\\Migrations\\Migrator->runPending()
#16 /home/aquilas/Documents/DEV PROJECT/SGT-RA/CODE/back/vendor/laravel/framework/src/Illuminate/Database/Console/Migrations/MigrateCommand.php(116): Illuminate\\Database\\Migrations\\Migrator->run()
#17 /home/aquilas/Documents/DEV PROJECT/SGT-RA/CODE/back/vendor/laravel/framework/src/Illuminate/Database/Migrations/Migrator.php(616): Illuminate\\Database\\Console\\Migrations\\MigrateCommand->Illuminate\\Database\\Console\\Migrations\\{closure}()
#18 /home/aquilas/Documents/DEV PROJECT/SGT-RA/CODE/back/vendor/laravel/framework/src/Illuminate/Database/Console/Migrations/MigrateCommand.php(109): Illuminate\\Database\\Migrations\\Migrator->usingConnection()
#19 /home/aquilas/Documents/DEV PROJECT/SGT-RA/CODE/back/vendor/laravel/framework/src/Illuminate/Database/Console/Migrations/MigrateCommand.php(88): Illuminate\\Database\\Console\\Migrations\\MigrateCommand->runMigrations()
#20 /home/aquilas/Documents/DEV PROJECT/SGT-RA/CODE/back/vendor/laravel/framework/src/Illuminate/Container/BoundMethod.php(36): Illuminate\\Database\\Console\\Migrations\\MigrateCommand->handle()
#21 /home/aquilas/Documents/DEV PROJECT/SGT-RA/CODE/back/vendor/laravel/framework/src/Illuminate/Container/Util.php(41): Illuminate\\Container\\BoundMethod::Illuminate\\Container\\{closure}()
#22 /home/aquilas/Documents/DEV PROJECT/SGT-RA/CODE/back/vendor/laravel/framework/src/Illuminate/Container/BoundMethod.php(93): Illuminate\\Container\\Util::unwrapIfClosure()
#23 /home/aquilas/Documents/DEV PROJECT/SGT-RA/CODE/back/vendor/laravel/framework/src/Illuminate/Container/BoundMethod.php(35): Illuminate\\Container\\BoundMethod::callBoundMethod()
#24 /home/aquilas/Documents/DEV PROJECT/SGT-RA/CODE/back/vendor/laravel/framework/src/Illuminate/Container/Container.php(662): Illuminate\\Container\\BoundMethod::call()
#25 /home/aquilas/Documents/DEV PROJECT/SGT-RA/CODE/back/vendor/laravel/framework/src/Illuminate/Console/Command.php(213): Illuminate\\Container\\Container->call()
#26 /home/aquilas/Documents/DEV PROJECT/SGT-RA/CODE/back/vendor/symfony/console/Command/Command.php(279): Illuminate\\Console\\Command->execute()
#27 /home/aquilas/Documents/DEV PROJECT/SGT-RA/CODE/back/vendor/laravel/framework/src/Illuminate/Console/Command.php(182): Symfony\\Component\\Console\\Command\\Command->run()
#28 /home/aquilas/Documents/DEV PROJECT/SGT-RA/CODE/back/vendor/symfony/console/Application.php(1047): Illuminate\\Console\\Command->run()
#29 /home/aquilas/Documents/DEV PROJECT/SGT-RA/CODE/back/vendor/symfony/console/Application.php(316): Symfony\\Component\\Console\\Application->doRunCommand()
#30 /home/aquilas/Documents/DEV PROJECT/SGT-RA/CODE/back/vendor/symfony/console/Application.php(167): Symfony\\Component\\Console\\Application->doRun()
#31 /home/aquilas/Documents/DEV PROJECT/SGT-RA/CODE/back/vendor/laravel/framework/src/Illuminate/Foundation/Console/Kernel.php(196): Symfony\\Component\\Console\\Application->run()
#32 /home/aquilas/Documents/DEV PROJECT/SGT-RA/CODE/back/vendor/laravel/framework/src/Illuminate/Foundation/Application.php(1198): Illuminate\\Foundation\\Console\\Kernel->handle()
#33 /home/aquilas/Documents/DEV PROJECT/SGT-RA/CODE/back/artisan(13): Illuminate\\Foundation\\Application->handleCommand()
#34 {main}

[previous exception] [object] (PDOException(code: 42S01): SQLSTATE[42S01]: Base table or view already exists: 1050 Table 'merchandises' already exists at /home/aquilas/Documents/DEV PROJECT/SGT-RA/CODE/back/vendor/laravel/framework/src/Illuminate/Database/Connection.php:571)
[stacktrace]
#0 /home/aquilas/Documents/DEV PROJECT/SGT-RA/CODE/back/vendor/laravel/framework/src/Illuminate/Database/Connection.php(571): PDOStatement->execute()
#1 /home/aquilas/Documents/DEV PROJECT/SGT-RA/CODE/back/vendor/laravel/framework/src/Illuminate/Database/Connection.php(800): Illuminate\\Database\\Connection->Illuminate\\Database\\{closure}()
#2 /home/aquilas/Documents/DEV PROJECT/SGT-RA/CODE/back/vendor/laravel/framework/src/Illuminate/Database/Connection.php(767): Illuminate\\Database\\Connection->runQueryCallback()
#3 /home/aquilas/Documents/DEV PROJECT/SGT-RA/CODE/back/vendor/laravel/framework/src/Illuminate/Database/Connection.php(560): Illuminate\\Database\\Connection->run()
#4 /home/aquilas/Documents/DEV PROJECT/SGT-RA/CODE/back/vendor/laravel/framework/src/Illuminate/Database/Schema/Blueprint.php(109): Illuminate\\Database\\Connection->statement()
#5 /home/aquilas/Documents/DEV PROJECT/SGT-RA/CODE/back/vendor/laravel/framework/src/Illuminate/Database/Schema/Builder.php(564): Illuminate\\Database\\Schema\\Blueprint->build()
#6 /home/aquilas/Documents/DEV PROJECT/SGT-RA/CODE/back/vendor/laravel/framework/src/Illuminate/Database/Schema/Builder.php(418): Illuminate\\Database\\Schema\\Builder->build()
#7 /home/aquilas/Documents/DEV PROJECT/SGT-RA/CODE/back/vendor/laravel/framework/src/Illuminate/Support/Facades/Facade.php(357): Illuminate\\Database\\Schema\\Builder->create()
#8 /home/aquilas/Documents/DEV PROJECT/SGT-RA/CODE/back/database/migrations/2024_06_14_211504_create_merchandises_table.php(14): Illuminate\\Support\\Facades\\Facade::__callStatic()
#9 /home/aquilas/Documents/DEV PROJECT/SGT-RA/CODE/back/vendor/laravel/framework/src/Illuminate/Database/Migrations/Migrator.php(476): Illuminate\\Database\\Migrations\\Migration@anonymous->up()
#10 /home/aquilas/Documents/DEV PROJECT/SGT-RA/CODE/back/vendor/laravel/framework/src/Illuminate/Database/Migrations/Migrator.php(402): Illuminate\\Database\\Migrations\\Migrator->runMethod()
#11 /home/aquilas/Documents/DEV PROJECT/SGT-RA/CODE/back/vendor/laravel/framework/src/Illuminate/Database/Migrations/Migrator.php(411): Illuminate\\Database\\Migrations\\Migrator->Illuminate\\Database\\Migrations\\{closure}()
#12 /home/aquilas/Documents/DEV PROJECT/SGT-RA/CODE/back/vendor/laravel/framework/src/Illuminate/Database/Migrations/Migrator.php(212): Illuminate\\Database\\Migrations\\Migrator->runMigration()
#13 /home/aquilas/Documents/DEV PROJECT/SGT-RA/CODE/back/vendor/laravel/framework/src/Illuminate/Console/View/Components/Task.php(40): Illuminate\\Database\\Migrations\\Migrator->Illuminate\\Database\\Migrations\\{closure}()
#14 /home/aquilas/Documents/DEV PROJECT/SGT-RA/CODE/back/vendor/laravel/framework/src/Illuminate/Database/Migrations/Migrator.php(739): Illuminate\\Console\\View\\Components\\Task->render()
#15 /home/aquilas/Documents/DEV PROJECT/SGT-RA/CODE/back/vendor/laravel/framework/src/Illuminate/Database/Migrations/Migrator.php(212): Illuminate\\Database\\Migrations\\Migrator->write()
#16 /home/aquilas/Documents/DEV PROJECT/SGT-RA/CODE/back/vendor/laravel/framework/src/Illuminate/Database/Migrations/Migrator.php(179): Illuminate\\Database\\Migrations\\Migrator->runUp()
#17 /home/aquilas/Documents/DEV PROJECT/SGT-RA/CODE/back/vendor/laravel/framework/src/Illuminate/Database/Migrations/Migrator.php(122): Illuminate\\Database\\Migrations\\Migrator->runPending()
#18 /home/aquilas/Documents/DEV PROJECT/SGT-RA/CODE/back/vendor/laravel/framework/src/Illuminate/Database/Console/Migrations/MigrateCommand.php(116): Illuminate\\Database\\Migrations\\Migrator->run()
#19 /home/aquilas/Documents/DEV PROJECT/SGT-RA/CODE/back/vendor/laravel/framework/src/Illuminate/Database/Migrations/Migrator.php(616): Illuminate\\Database\\Console\\Migrations\\MigrateCommand->Illuminate\\Database\\Console\\Migrations\\{closure}()
#20 /home/aquilas/Documents/DEV PROJECT/SGT-RA/CODE/back/vendor/laravel/framework/src/Illuminate/Database/Console/Migrations/MigrateCommand.php(109): Illuminate\\Database\\Migrations\\Migrator->usingConnection()
#21 /home/aquilas/Documents/DEV PROJECT/SGT-RA/CODE/back/vendor/laravel/framework/src/Illuminate/Database/Console/Migrations/MigrateCommand.php(88): Illuminate\\Database\\Console\\Migrations\\MigrateCommand->runMigrations()
#22 /home/aquilas/Documents/DEV PROJECT/SGT-RA/CODE/back/vendor/laravel/framework/src/Illuminate/Container/BoundMethod.php(36): Illuminate\\Database\\Console\\Migrations\\MigrateCommand->handle()
#23 /home/aquilas/Documents/DEV PROJECT/SGT-RA/CODE/back/vendor/laravel/framework/src/Illuminate/Container/Util.php(41): Illuminate\\Container\\BoundMethod::Illuminate\\Container\\{closure}()
#24 /home/aquilas/Documents/DEV PROJECT/SGT-RA/CODE/back/vendor/laravel/framework/src/Illuminate/Container/BoundMethod.php(93): Illuminate\\Container\\Util::unwrapIfClosure()
#25 /home/aquilas/Documents/DEV PROJECT/SGT-RA/CODE/back/vendor/laravel/framework/src/Illuminate/Container/BoundMethod.php(35): Illuminate\\Container\\BoundMethod::callBoundMethod()
#26 /home/aquilas/Documents/DEV PROJECT/SGT-RA/CODE/back/vendor/laravel/framework/src/Illuminate/Container/Container.php(662): Illuminate\\Container\\BoundMethod::call()
#27 /home/aquilas/Documents/DEV PROJECT/SGT-RA/CODE/back/vendor/laravel/framework/src/Illuminate/Console/Command.php(213): Illuminate\\Container\\Container->call()
#28 /home/aquilas/Documents/DEV PROJECT/SGT-RA/CODE/back/vendor/symfony/console/Command/Command.php(279): Illuminate\\Console\\Command->execute()
#29 /home/aquilas/Documents/DEV PROJECT/SGT-RA/CODE/back/vendor/laravel/framework/src/Illuminate/Console/Command.php(182): Symfony\\Component\\Console\\Command\\Command->run()
#30 /home/aquilas/Documents/DEV PROJECT/SGT-RA/CODE/back/vendor/symfony/console/Application.php(1047): Illuminate\\Console\\Command->run()
#31 /home/aquilas/Documents/DEV PROJECT/SGT-RA/CODE/back/vendor/symfony/console/Application.php(316): Symfony\\Component\\Console\\Application->doRunCommand()
#32 /home/aquilas/Documents/DEV PROJECT/SGT-RA/CODE/back/vendor/symfony/console/Application.php(167): Symfony\\Component\\Console\\Application->doRun()
#33 /home/aquilas/Documents/DEV PROJECT/SGT-RA/CODE/back/vendor/laravel/framework/src/Illuminate/Foundation/Console/Kernel.php(196): Symfony\\Component\\Console\\Application->run()
#34 /home/aquilas/Documents/DEV PROJECT/SGT-RA/CODE/back/vendor/laravel/framework/src/Illuminate/Foundation/Application.php(1198): Illuminate\\Foundation\\Console\\Kernel->handle()
#35 /home/aquilas/Documents/DEV PROJECT/SGT-RA/CODE/back/artisan(13): Illuminate\\Foundation\\Application->handleCommand()
#36 {main}
"} 
