[2024-06-14 22:14:48] local.ERROR: Too few arguments to function App\Http\Controllers\API\ReservationController::index(), 0 passed in /home/aquilas/Documents/DEV PROJECT/SGT-RA/CODE/back/vendor/laravel/framework/src/Illuminate/Routing/ControllerDispatcher.php on line 46 and exactly 1 expected {"exception":"[object] (ArgumentCountError(code: 0): Too few arguments to function App\\Http\\Controllers\\API\\ReservationController::index(), 0 passed in /home/aquilas/Documents/DEV PROJECT/SGT-RA/CODE/back/vendor/laravel/framework/src/Illuminate/Routing/ControllerDispatcher.php on line 46 and exactly 1 expected at /home/aquilas/Documents/DEV PROJECT/SGT-RA/CODE/back/app/Http/Controllers/API/ReservationController.php:137)
[stacktrace]
#0 /home/aquilas/Documents/DEV PROJECT/SGT-RA/CODE/back/vendor/laravel/framework/src/Illuminate/Routing/ControllerDispatcher.php(46): App\\Http\\Controllers\\API\\ReservationController->index()
#1 /home/aquilas/Documents/DEV PROJECT/SGT-RA/CODE/back/vendor/laravel/framework/src/Illuminate/Routing/Route.php(260): Illuminate\\Routing\\ControllerDispatcher->dispatch()
#2 /home/aquilas/Documents/DEV PROJECT/SGT-RA/CODE/back/vendor/laravel/framework/src/Illuminate/Routing/Route.php(206): Illuminate\\Routing\\Route->runController()
#3 /home/aquilas/Documents/DEV PROJECT/SGT-RA/CODE/back/vendor/laravel/framework/src/Illuminate/Routing/Router.php(806): Illuminate\\Routing\\Route->run()
#4 /home/aquilas/Documents/DEV PROJECT/SGT-RA/CODE/back/vendor/laravel/framework/src/Illuminate/Pipeline/Pipeline.php(144): Illuminate\\Routing\\Router->Illuminate\\Routing\\{closure}()
#5 /home/aquilas/Documents/DEV PROJECT/SGT-RA/CODE/back/vendor/laravel/framework/src/Illuminate/Routing/Middleware/SubstituteBindings.php(50): Illuminate\\Pipeline\\Pipeline->Illuminate\\Pipeline\\{closure}()
#6 /home/aquilas/Documents/DEV PROJECT/SGT-RA/CODE/back/vendor/laravel/framework/src/Illuminate/Pipeline/Pipeline.php(183): Illuminate\\Routing\\Middleware\\SubstituteBindings->handle()
#7 /home/aquilas/Documents/DEV PROJECT/SGT-RA/CODE/back/vendor/laravel/framework/src/Illuminate/Pipeline/Pipeline.php(119): Illuminate\\Pipeline\\Pipeline->Illuminate\\Pipeline\\{closure}()
#8 /home/aquilas/Documents/DEV PROJECT/SGT-RA/CODE/back/vendor/laravel/framework/src/Illuminate/Routing/Router.php(805): Illuminate\\Pipeline\\Pipeline->then()
#9 /home/aquilas/Documents/DEV PROJECT/SGT-RA/CODE/back/vendor/laravel/framework/src/Illuminate/Routing/Router.php(784): Illuminate\\Routing\\Router->runRouteWithinStack()
#10 /home/aquilas/Documents/DEV PROJECT/SGT-RA/CODE/back/vendor/laravel/framework/src/Illuminate/Routing/Router.php(748): Illuminate\\Routing\\Router->runRoute()
#11 /home/aquilas/Documents/DEV PROJECT/SGT-RA/CODE/back/vendor/laravel/framework/src/Illuminate/Routing/Router.php(737): Illuminate\\Routing\\Router->dispatchToRoute()
#12 /home/aquilas/Documents/DEV PROJECT/SGT-RA/CODE/back/vendor/laravel/framework/src/Illuminate/Foundation/Http/Kernel.php(200): Illuminate\\Routing\\Router->dispatch()
#13 /home/aquilas/Documents/DEV PROJECT/SGT-RA/CODE/back/vendor/laravel/framework/src/Illuminate/Pipeline/Pipeline.php(144): Illuminate\\Foundation\\Http\\Kernel->Illuminate\\Foundation\\Http\\{closure}()
#14 /home/aquilas/Documents/DEV PROJECT/SGT-RA/CODE/back/vendor/laravel/framework/src/Illuminate/Foundation/Http/Middleware/TransformsRequest.php(21): Illuminate\\Pipeline\\Pipeline->Illuminate\\Pipeline\\{closure}()
#15 /home/aquilas/Documents/DEV PROJECT/SGT-RA/CODE/back/vendor/laravel/framework/src/Illuminate/Foundation/Http/Middleware/ConvertEmptyStringsToNull.php(31): Illuminate\\Foundation\\Http\\Middleware\\TransformsRequest->handle()
#16 /home/aquilas/Documents/DEV PROJECT/SGT-RA/CODE/back/vendor/laravel/framework/src/Illuminate/Pipeline/Pipeline.php(183): Illuminate\\Foundation\\Http\\Middleware\\ConvertEmptyStringsToNull->handle()
#17 /home/aquilas/Documents/DEV PROJECT/SGT-RA/CODE/back/vendor/laravel/framework/src/Illuminate/Foundation/Http/Middleware/TransformsRequest.php(21): Illuminate\\Pipeline\\Pipeline->Illuminate\\Pipeline\\{closure}()
#18 /home/aquilas/Documents/DEV PROJECT/SGT-RA/CODE/back/vendor/laravel/framework/src/Illuminate/Foundation/Http/Middleware/TrimStrings.php(51): Illuminate\\Foundation\\Http\\Middleware\\TransformsRequest->handle()
#19 /home/aquilas/Documents/DEV PROJECT/SGT-RA/CODE/back/vendor/laravel/framework/src/Illuminate/Pipeline/Pipeline.php(183): Illuminate\\Foundation\\Http\\Middleware\\TrimStrings->handle()
#20 /home/aquilas/Documents/DEV PROJECT/SGT-RA/CODE/back/vendor/laravel/framework/src/Illuminate/Http/Middleware/ValidatePostSize.php(27): Illuminate\\Pipeline\\Pipeline->Illuminate\\Pipeline\\{closure}()
#21 /home/aquilas/Documents/DEV PROJECT/SGT-RA/CODE/back/vendor/laravel/framework/src/Illuminate/Pipeline/Pipeline.php(183): Illuminate\\Http\\Middleware\\ValidatePostSize->handle()
#22 /home/aquilas/Documents/DEV PROJECT/SGT-RA/CODE/back/vendor/laravel/framework/src/Illuminate/Foundation/Http/Middleware/PreventRequestsDuringMaintenance.php(110): Illuminate\\Pipeline\\Pipeline->Illuminate\\Pipeline\\{closure}()
#23 /home/aquilas/Documents/DEV PROJECT/SGT-RA/CODE/back/vendor/laravel/framework/src/Illuminate/Pipeline/Pipeline.php(183): Illuminate\\Foundation\\Http\\Middleware\\PreventRequestsDuringMaintenance->handle()
#24 /home/aquilas/Documents/DEV PROJECT/SGT-RA/CODE/back/vendor/laravel/framework/src/Illuminate/Http/Middleware/HandleCors.php(62): Illuminate\\Pipeline\\Pipeline->Illuminate\\Pipeline\\{closure}()
#25 /home/aquilas/Documents/DEV PROJECT/SGT-RA/CODE/back/vendor/laravel/framework/src/Illuminate/Pipeline/Pipeline.php(183): Illuminate\\Http\\Middleware\\HandleCors->handle()
#26 /home/aquilas/Documents/DEV PROJECT/SGT-RA/CODE/back/vendor/laravel/framework/src/Illuminate/Http/Middleware/TrustProxies.php(57): Illuminate\\Pipeline\\Pipeline->Illuminate\\Pipeline\\{closure}()
#27 /home/aquilas/Documents/DEV PROJECT/SGT-RA/CODE/back/vendor/laravel/framework/src/Illuminate/Pipeline/Pipeline.php(183): Illuminate\\Http\\Middleware\\TrustProxies->handle()
#28 /home/aquilas/Documents/DEV PROJECT/SGT-RA/CODE/back/vendor/laravel/framework/src/Illuminate/Pipeline/Pipeline.php(119): Illuminate\\Pipeline\\Pipeline->Illuminate\\Pipeline\\{closure}()
#29 /home/aquilas/Documents/DEV PROJECT/SGT-RA/CODE/back/vendor/laravel/framework/src/Illuminate/Foundation/Http/Kernel.php(175): Illuminate\\Pipeline\\Pipeline->then()
#30 /home/aquilas/Documents/DEV PROJECT/SGT-RA/CODE/back/vendor/laravel/framework/src/Illuminate/Foundation/Http/Kernel.php(144): Illuminate\\Foundation\\Http\\Kernel->sendRequestThroughRouter()
#31 /home/aquilas/Documents/DEV PROJECT/SGT-RA/CODE/back/vendor/laravel/framework/src/Illuminate/Foundation/Application.php(1183): Illuminate\\Foundation\\Http\\Kernel->handle()
#32 /home/aquilas/Documents/DEV PROJECT/SGT-RA/CODE/back/public/index.php(17): Illuminate\\Foundation\\Application->handleRequest()
#33 /home/aquilas/Documents/DEV PROJECT/SGT-RA/CODE/back/vendor/laravel/framework/src/Illuminate/Foundation/resources/server.php(16): require_once('...')
#34 {main}
"} 
[2024-06-14 22:14:52] local.ERROR: Too few arguments to function App\Http\Controllers\API\ReservationController::index(), 0 passed in /home/aquilas/Documents/DEV PROJECT/SGT-RA/CODE/back/vendor/laravel/framework/src/Illuminate/Routing/ControllerDispatcher.php on line 46 and exactly 1 expected {"exception":"[object] (ArgumentCountError(code: 0): Too few arguments to function App\\Http\\Controllers\\API\\ReservationController::index(), 0 passed in /home/aquilas/Documents/DEV PROJECT/SGT-RA/CODE/back/vendor/laravel/framework/src/Illuminate/Routing/ControllerDispatcher.php on line 46 and exactly 1 expected at /home/aquilas/Documents/DEV PROJECT/SGT-RA/CODE/back/app/Http/Controllers/API/ReservationController.php:137)
[stacktrace]
#0 /home/aquilas/Documents/DEV PROJECT/SGT-RA/CODE/back/vendor/laravel/framework/src/Illuminate/Routing/ControllerDispatcher.php(46): App\\Http\\Controllers\\API\\ReservationController->index()
#1 /home/aquilas/Documents/DEV PROJECT/SGT-RA/CODE/back/vendor/laravel/framework/src/Illuminate/Routing/Route.php(260): Illuminate\\Routing\\ControllerDispatcher->dispatch()
#2 /home/aquilas/Documents/DEV PROJECT/SGT-RA/CODE/back/vendor/laravel/framework/src/Illuminate/Routing/Route.php(206): Illuminate\\Routing\\Route->runController()
#3 /home/aquilas/Documents/DEV PROJECT/SGT-RA/CODE/back/vendor/laravel/framework/src/Illuminate/Routing/Router.php(806): Illuminate\\Routing\\Route->run()
#4 /home/aquilas/Documents/DEV PROJECT/SGT-RA/CODE/back/vendor/laravel/framework/src/Illuminate/Pipeline/Pipeline.php(144): Illuminate\\Routing\\Router->Illuminate\\Routing\\{closure}()
#5 /home/aquilas/Documents/DEV PROJECT/SGT-RA/CODE/back/vendor/laravel/framework/src/Illuminate/Routing/Middleware/SubstituteBindings.php(50): Illuminate\\Pipeline\\Pipeline->Illuminate\\Pipeline\\{closure}()
#6 /home/aquilas/Documents/DEV PROJECT/SGT-RA/CODE/back/vendor/laravel/framework/src/Illuminate/Pipeline/Pipeline.php(183): Illuminate\\Routing\\Middleware\\SubstituteBindings->handle()
#7 /home/aquilas/Documents/DEV PROJECT/SGT-RA/CODE/back/vendor/laravel/framework/src/Illuminate/Pipeline/Pipeline.php(119): Illuminate\\Pipeline\\Pipeline->Illuminate\\Pipeline\\{closure}()
#8 /home/aquilas/Documents/DEV PROJECT/SGT-RA/CODE/back/vendor/laravel/framework/src/Illuminate/Routing/Router.php(805): Illuminate\\Pipeline\\Pipeline->then()
#9 /home/aquilas/Documents/DEV PROJECT/SGT-RA/CODE/back/vendor/laravel/framework/src/Illuminate/Routing/Router.php(784): Illuminate\\Routing\\Router->runRouteWithinStack()
#10 /home/aquilas/Documents/DEV PROJECT/SGT-RA/CODE/back/vendor/laravel/framework/src/Illuminate/Routing/Router.php(748): Illuminate\\Routing\\Router->runRoute()
#11 /home/aquilas/Documents/DEV PROJECT/SGT-RA/CODE/back/vendor/laravel/framework/src/Illuminate/Routing/Router.php(737): Illuminate\\Routing\\Router->dispatchToRoute()
#12 /home/aquilas/Documents/DEV PROJECT/SGT-RA/CODE/back/vendor/laravel/framework/src/Illuminate/Foundation/Http/Kernel.php(200): Illuminate\\Routing\\Router->dispatch()
#13 /home/aquilas/Documents/DEV PROJECT/SGT-RA/CODE/back/vendor/laravel/framework/src/Illuminate/Pipeline/Pipeline.php(144): Illuminate\\Foundation\\Http\\Kernel->Illuminate\\Foundation\\Http\\{closure}()
#14 /home/aquilas/Documents/DEV PROJECT/SGT-RA/CODE/back/vendor/laravel/framework/src/Illuminate/Foundation/Http/Middleware/TransformsRequest.php(21): Illuminate\\Pipeline\\Pipeline->Illuminate\\Pipeline\\{closure}()
#15 /home/aquilas/Documents/DEV PROJECT/SGT-RA/CODE/back/vendor/laravel/framework/src/Illuminate/Foundation/Http/Middleware/ConvertEmptyStringsToNull.php(31): Illuminate\\Foundation\\Http\\Middleware\\TransformsRequest->handle()
#16 /home/aquilas/Documents/DEV PROJECT/SGT-RA/CODE/back/vendor/laravel/framework/src/Illuminate/Pipeline/Pipeline.php(183): Illuminate\\Foundation\\Http\\Middleware\\ConvertEmptyStringsToNull->handle()
#17 /home/aquilas/Documents/DEV PROJECT/SGT-RA/CODE/back/vendor/laravel/framework/src/Illuminate/Foundation/Http/Middleware/TransformsRequest.php(21): Illuminate\\Pipeline\\Pipeline->Illuminate\\Pipeline\\{closure}()
#18 /home/aquilas/Documents/DEV PROJECT/SGT-RA/CODE/back/vendor/laravel/framework/src/Illuminate/Foundation/Http/Middleware/TrimStrings.php(51): Illuminate\\Foundation\\Http\\Middleware\\TransformsRequest->handle()
#19 /home/aquilas/Documents/DEV PROJECT/SGT-RA/CODE/back/vendor/laravel/framework/src/Illuminate/Pipeline/Pipeline.php(183): Illuminate\\Foundation\\Http\\Middleware\\TrimStrings->handle()
#20 /home/aquilas/Documents/DEV PROJECT/SGT-RA/CODE/back/vendor/laravel/framework/src/Illuminate/Http/Middleware/ValidatePostSize.php(27): Illuminate\\Pipeline\\Pipeline->Illuminate\\Pipeline\\{closure}()
#21 /home/aquilas/Documents/DEV PROJECT/SGT-RA/CODE/back/vendor/laravel/framework/src/Illuminate/Pipeline/Pipeline.php(183): Illuminate\\Http\\Middleware\\ValidatePostSize->handle()
#22 /home/aquilas/Documents/DEV PROJECT/SGT-RA/CODE/back/vendor/laravel/framework/src/Illuminate/Foundation/Http/Middleware/PreventRequestsDuringMaintenance.php(110): Illuminate\\Pipeline\\Pipeline->Illuminate\\Pipeline\\{closure}()
#23 /home/aquilas/Documents/DEV PROJECT/SGT-RA/CODE/back/vendor/laravel/framework/src/Illuminate/Pipeline/Pipeline.php(183): Illuminate\\Foundation\\Http\\Middleware\\PreventRequestsDuringMaintenance->handle()
#24 /home/aquilas/Documents/DEV PROJECT/SGT-RA/CODE/back/vendor/laravel/framework/src/Illuminate/Http/Middleware/HandleCors.php(62): Illuminate\\Pipeline\\Pipeline->Illuminate\\Pipeline\\{closure}()
#25 /home/aquilas/Documents/DEV PROJECT/SGT-RA/CODE/back/vendor/laravel/framework/src/Illuminate/Pipeline/Pipeline.php(183): Illuminate\\Http\\Middleware\\HandleCors->handle()
#26 /home/aquilas/Documents/DEV PROJECT/SGT-RA/CODE/back/vendor/laravel/framework/src/Illuminate/Http/Middleware/TrustProxies.php(57): Illuminate\\Pipeline\\Pipeline->Illuminate\\Pipeline\\{closure}()
#27 /home/aquilas/Documents/DEV PROJECT/SGT-RA/CODE/back/vendor/laravel/framework/src/Illuminate/Pipeline/Pipeline.php(183): Illuminate\\Http\\Middleware\\TrustProxies->handle()
#28 /home/aquilas/Documents/DEV PROJECT/SGT-RA/CODE/back/vendor/laravel/framework/src/Illuminate/Pipeline/Pipeline.php(119): Illuminate\\Pipeline\\Pipeline->Illuminate\\Pipeline\\{closure}()
#29 /home/aquilas/Documents/DEV PROJECT/SGT-RA/CODE/back/vendor/laravel/framework/src/Illuminate/Foundation/Http/Kernel.php(175): Illuminate\\Pipeline\\Pipeline->then()
#30 /home/aquilas/Documents/DEV PROJECT/SGT-RA/CODE/back/vendor/laravel/framework/src/Illuminate/Foundation/Http/Kernel.php(144): Illuminate\\Foundation\\Http\\Kernel->sendRequestThroughRouter()
#31 /home/aquilas/Documents/DEV PROJECT/SGT-RA/CODE/back/vendor/laravel/framework/src/Illuminate/Foundation/Application.php(1183): Illuminate\\Foundation\\Http\\Kernel->handle()
#32 /home/aquilas/Documents/DEV PROJECT/SGT-RA/CODE/back/public/index.php(17): Illuminate\\Foundation\\Application->handleRequest()
#33 /home/aquilas/Documents/DEV PROJECT/SGT-RA/CODE/back/vendor/laravel/framework/src/Illuminate/Foundation/resources/server.php(16): require_once('...')
#34 {main}
"} 
[2024-06-14 22:14:54] local.ERROR: Too few arguments to function App\Http\Controllers\API\ReservationController::index(), 0 passed in /home/aquilas/Documents/DEV PROJECT/SGT-RA/CODE/back/vendor/laravel/framework/src/Illuminate/Routing/ControllerDispatcher.php on line 46 and exactly 1 expected {"exception":"[object] (ArgumentCountError(code: 0): Too few arguments to function App\\Http\\Controllers\\API\\ReservationController::index(), 0 passed in /home/aquilas/Documents/DEV PROJECT/SGT-RA/CODE/back/vendor/laravel/framework/src/Illuminate/Routing/ControllerDispatcher.php on line 46 and exactly 1 expected at /home/aquilas/Documents/DEV PROJECT/SGT-RA/CODE/back/app/Http/Controllers/API/ReservationController.php:137)
[stacktrace]
#0 /home/aquilas/Documents/DEV PROJECT/SGT-RA/CODE/back/vendor/laravel/framework/src/Illuminate/Routing/ControllerDispatcher.php(46): App\\Http\\Controllers\\API\\ReservationController->index()
#1 /home/aquilas/Documents/DEV PROJECT/SGT-RA/CODE/back/vendor/laravel/framework/src/Illuminate/Routing/Route.php(260): Illuminate\\Routing\\ControllerDispatcher->dispatch()
#2 /home/aquilas/Documents/DEV PROJECT/SGT-RA/CODE/back/vendor/laravel/framework/src/Illuminate/Routing/Route.php(206): Illuminate\\Routing\\Route->runController()
#3 /home/aquilas/Documents/DEV PROJECT/SGT-RA/CODE/back/vendor/laravel/framework/src/Illuminate/Routing/Router.php(806): Illuminate\\Routing\\Route->run()
#4 /home/aquilas/Documents/DEV PROJECT/SGT-RA/CODE/back/vendor/laravel/framework/src/Illuminate/Pipeline/Pipeline.php(144): Illuminate\\Routing\\Router->Illuminate\\Routing\\{closure}()
#5 /home/aquilas/Documents/DEV PROJECT/SGT-RA/CODE/back/vendor/laravel/framework/src/Illuminate/Routing/Middleware/SubstituteBindings.php(50): Illuminate\\Pipeline\\Pipeline->Illuminate\\Pipeline\\{closure}()
#6 /home/aquilas/Documents/DEV PROJECT/SGT-RA/CODE/back/vendor/laravel/framework/src/Illuminate/Pipeline/Pipeline.php(183): Illuminate\\Routing\\Middleware\\SubstituteBindings->handle()
#7 /home/aquilas/Documents/DEV PROJECT/SGT-RA/CODE/back/vendor/laravel/framework/src/Illuminate/Pipeline/Pipeline.php(119): Illuminate\\Pipeline\\Pipeline->Illuminate\\Pipeline\\{closure}()
#8 /home/aquilas/Documents/DEV PROJECT/SGT-RA/CODE/back/vendor/laravel/framework/src/Illuminate/Routing/Router.php(805): Illuminate\\Pipeline\\Pipeline->then()
#9 /home/aquilas/Documents/DEV PROJECT/SGT-RA/CODE/back/vendor/laravel/framework/src/Illuminate/Routing/Router.php(784): Illuminate\\Routing\\Router->runRouteWithinStack()
#10 /home/aquilas/Documents/DEV PROJECT/SGT-RA/CODE/back/vendor/laravel/framework/src/Illuminate/Routing/Router.php(748): Illuminate\\Routing\\Router->runRoute()
#11 /home/aquilas/Documents/DEV PROJECT/SGT-RA/CODE/back/vendor/laravel/framework/src/Illuminate/Routing/Router.php(737): Illuminate\\Routing\\Router->dispatchToRoute()
#12 /home/aquilas/Documents/DEV PROJECT/SGT-RA/CODE/back/vendor/laravel/framework/src/Illuminate/Foundation/Http/Kernel.php(200): Illuminate\\Routing\\Router->dispatch()
#13 /home/aquilas/Documents/DEV PROJECT/SGT-RA/CODE/back/vendor/laravel/framework/src/Illuminate/Pipeline/Pipeline.php(144): Illuminate\\Foundation\\Http\\Kernel->Illuminate\\Foundation\\Http\\{closure}()
#14 /home/aquilas/Documents/DEV PROJECT/SGT-RA/CODE/back/vendor/laravel/framework/src/Illuminate/Foundation/Http/Middleware/TransformsRequest.php(21): Illuminate\\Pipeline\\Pipeline->Illuminate\\Pipeline\\{closure}()
#15 /home/aquilas/Documents/DEV PROJECT/SGT-RA/CODE/back/vendor/laravel/framework/src/Illuminate/Foundation/Http/Middleware/ConvertEmptyStringsToNull.php(31): Illuminate\\Foundation\\Http\\Middleware\\TransformsRequest->handle()
#16 /home/aquilas/Documents/DEV PROJECT/SGT-RA/CODE/back/vendor/laravel/framework/src/Illuminate/Pipeline/Pipeline.php(183): Illuminate\\Foundation\\Http\\Middleware\\ConvertEmptyStringsToNull->handle()
#17 /home/aquilas/Documents/DEV PROJECT/SGT-RA/CODE/back/vendor/laravel/framework/src/Illuminate/Foundation/Http/Middleware/TransformsRequest.php(21): Illuminate\\Pipeline\\Pipeline->Illuminate\\Pipeline\\{closure}()
#18 /home/aquilas/Documents/DEV PROJECT/SGT-RA/CODE/back/vendor/laravel/framework/src/Illuminate/Foundation/Http/Middleware/TrimStrings.php(51): Illuminate\\Foundation\\Http\\Middleware\\TransformsRequest->handle()
#19 /home/aquilas/Documents/DEV PROJECT/SGT-RA/CODE/back/vendor/laravel/framework/src/Illuminate/Pipeline/Pipeline.php(183): Illuminate\\Foundation\\Http\\Middleware\\TrimStrings->handle()
#20 /home/aquilas/Documents/DEV PROJECT/SGT-RA/CODE/back/vendor/laravel/framework/src/Illuminate/Http/Middleware/ValidatePostSize.php(27): Illuminate\\Pipeline\\Pipeline->Illuminate\\Pipeline\\{closure}()
#21 /home/aquilas/Documents/DEV PROJECT/SGT-RA/CODE/back/vendor/laravel/framework/src/Illuminate/Pipeline/Pipeline.php(183): Illuminate\\Http\\Middleware\\ValidatePostSize->handle()
#22 /home/aquilas/Documents/DEV PROJECT/SGT-RA/CODE/back/vendor/laravel/framework/src/Illuminate/Foundation/Http/Middleware/PreventRequestsDuringMaintenance.php(110): Illuminate\\Pipeline\\Pipeline->Illuminate\\Pipeline\\{closure}()
#23 /home/aquilas/Documents/DEV PROJECT/SGT-RA/CODE/back/vendor/laravel/framework/src/Illuminate/Pipeline/Pipeline.php(183): Illuminate\\Foundation\\Http\\Middleware\\PreventRequestsDuringMaintenance->handle()
#24 /home/aquilas/Documents/DEV PROJECT/SGT-RA/CODE/back/vendor/laravel/framework/src/Illuminate/Http/Middleware/HandleCors.php(62): Illuminate\\Pipeline\\Pipeline->Illuminate\\Pipeline\\{closure}()
#25 /home/aquilas/Documents/DEV PROJECT/SGT-RA/CODE/back/vendor/laravel/framework/src/Illuminate/Pipeline/Pipeline.php(183): Illuminate\\Http\\Middleware\\HandleCors->handle()
#26 /home/aquilas/Documents/DEV PROJECT/SGT-RA/CODE/back/vendor/laravel/framework/src/Illuminate/Http/Middleware/TrustProxies.php(57): Illuminate\\Pipeline\\Pipeline->Illuminate\\Pipeline\\{closure}()
#27 /home/aquilas/Documents/DEV PROJECT/SGT-RA/CODE/back/vendor/laravel/framework/src/Illuminate/Pipeline/Pipeline.php(183): Illuminate\\Http\\Middleware\\TrustProxies->handle()
#28 /home/aquilas/Documents/DEV PROJECT/SGT-RA/CODE/back/vendor/laravel/framework/src/Illuminate/Pipeline/Pipeline.php(119): Illuminate\\Pipeline\\Pipeline->Illuminate\\Pipeline\\{closure}()
#29 /home/aquilas/Documents/DEV PROJECT/SGT-RA/CODE/back/vendor/laravel/framework/src/Illuminate/Foundation/Http/Kernel.php(175): Illuminate\\Pipeline\\Pipeline->then()
#30 /home/aquilas/Documents/DEV PROJECT/SGT-RA/CODE/back/vendor/laravel/framework/src/Illuminate/Foundation/Http/Kernel.php(144): Illuminate\\Foundation\\Http\\Kernel->sendRequestThroughRouter()
#31 /home/aquilas/Documents/DEV PROJECT/SGT-RA/CODE/back/vendor/laravel/framework/src/Illuminate/Foundation/Application.php(1183): Illuminate\\Foundation\\Http\\Kernel->handle()
#32 /home/aquilas/Documents/DEV PROJECT/SGT-RA/CODE/back/public/index.php(17): Illuminate\\Foundation\\Application->handleRequest()
#33 /home/aquilas/Documents/DEV PROJECT/SGT-RA/CODE/back/vendor/laravel/framework/src/Illuminate/Foundation/resources/server.php(16): require_once('...')
#34 {main}
"} 
[2024-06-14 22:14:55] local.ERROR: Too few arguments to function App\Http\Controllers\API\ReservationController::index(), 0 passed in /home/aquilas/Documents/DEV PROJECT/SGT-RA/CODE/back/vendor/laravel/framework/src/Illuminate/Routing/ControllerDispatcher.php on line 46 and exactly 1 expected {"exception":"[object] (ArgumentCountError(code: 0): Too few arguments to function App\\Http\\Controllers\\API\\ReservationController::index(), 0 passed in /home/aquilas/Documents/DEV PROJECT/SGT-RA/CODE/back/vendor/laravel/framework/src/Illuminate/Routing/ControllerDispatcher.php on line 46 and exactly 1 expected at /home/aquilas/Documents/DEV PROJECT/SGT-RA/CODE/back/app/Http/Controllers/API/ReservationController.php:137)
[stacktrace]
#0 /home/aquilas/Documents/DEV PROJECT/SGT-RA/CODE/back/vendor/laravel/framework/src/Illuminate/Routing/ControllerDispatcher.php(46): App\\Http\\Controllers\\API\\ReservationController->index()
#1 /home/aquilas/Documents/DEV PROJECT/SGT-RA/CODE/back/vendor/laravel/framework/src/Illuminate/Routing/Route.php(260): Illuminate\\Routing\\ControllerDispatcher->dispatch()
#2 /home/aquilas/Documents/DEV PROJECT/SGT-RA/CODE/back/vendor/laravel/framework/src/Illuminate/Routing/Route.php(206): Illuminate\\Routing\\Route->runController()
#3 /home/aquilas/Documents/DEV PROJECT/SGT-RA/CODE/back/vendor/laravel/framework/src/Illuminate/Routing/Router.php(806): Illuminate\\Routing\\Route->run()
#4 /home/aquilas/Documents/DEV PROJECT/SGT-RA/CODE/back/vendor/laravel/framework/src/Illuminate/Pipeline/Pipeline.php(144): Illuminate\\Routing\\Router->Illuminate\\Routing\\{closure}()
#5 /home/aquilas/Documents/DEV PROJECT/SGT-RA/CODE/back/vendor/laravel/framework/src/Illuminate/Routing/Middleware/SubstituteBindings.php(50): Illuminate\\Pipeline\\Pipeline->Illuminate\\Pipeline\\{closure}()
#6 /home/aquilas/Documents/DEV PROJECT/SGT-RA/CODE/back/vendor/laravel/framework/src/Illuminate/Pipeline/Pipeline.php(183): Illuminate\\Routing\\Middleware\\SubstituteBindings->handle()
#7 /home/aquilas/Documents/DEV PROJECT/SGT-RA/CODE/back/vendor/laravel/framework/src/Illuminate/Pipeline/Pipeline.php(119): Illuminate\\Pipeline\\Pipeline->Illuminate\\Pipeline\\{closure}()
#8 /home/aquilas/Documents/DEV PROJECT/SGT-RA/CODE/back/vendor/laravel/framework/src/Illuminate/Routing/Router.php(805): Illuminate\\Pipeline\\Pipeline->then()
#9 /home/aquilas/Documents/DEV PROJECT/SGT-RA/CODE/back/vendor/laravel/framework/src/Illuminate/Routing/Router.php(784): Illuminate\\Routing\\Router->runRouteWithinStack()
#10 /home/aquilas/Documents/DEV PROJECT/SGT-RA/CODE/back/vendor/laravel/framework/src/Illuminate/Routing/Router.php(748): Illuminate\\Routing\\Router->runRoute()
#11 /home/aquilas/Documents/DEV PROJECT/SGT-RA/CODE/back/vendor/laravel/framework/src/Illuminate/Routing/Router.php(737): Illuminate\\Routing\\Router->dispatchToRoute()
#12 /home/aquilas/Documents/DEV PROJECT/SGT-RA/CODE/back/vendor/laravel/framework/src/Illuminate/Foundation/Http/Kernel.php(200): Illuminate\\Routing\\Router->dispatch()
#13 /home/aquilas/Documents/DEV PROJECT/SGT-RA/CODE/back/vendor/laravel/framework/src/Illuminate/Pipeline/Pipeline.php(144): Illuminate\\Foundation\\Http\\Kernel->Illuminate\\Foundation\\Http\\{closure}()
#14 /home/aquilas/Documents/DEV PROJECT/SGT-RA/CODE/back/vendor/laravel/framework/src/Illuminate/Foundation/Http/Middleware/TransformsRequest.php(21): Illuminate\\Pipeline\\Pipeline->Illuminate\\Pipeline\\{closure}()
#15 /home/aquilas/Documents/DEV PROJECT/SGT-RA/CODE/back/vendor/laravel/framework/src/Illuminate/Foundation/Http/Middleware/ConvertEmptyStringsToNull.php(31): Illuminate\\Foundation\\Http\\Middleware\\TransformsRequest->handle()
#16 /home/aquilas/Documents/DEV PROJECT/SGT-RA/CODE/back/vendor/laravel/framework/src/Illuminate/Pipeline/Pipeline.php(183): Illuminate\\Foundation\\Http\\Middleware\\ConvertEmptyStringsToNull->handle()
#17 /home/aquilas/Documents/DEV PROJECT/SGT-RA/CODE/back/vendor/laravel/framework/src/Illuminate/Foundation/Http/Middleware/TransformsRequest.php(21): Illuminate\\Pipeline\\Pipeline->Illuminate\\Pipeline\\{closure}()
#18 /home/aquilas/Documents/DEV PROJECT/SGT-RA/CODE/back/vendor/laravel/framework/src/Illuminate/Foundation/Http/Middleware/TrimStrings.php(51): Illuminate\\Foundation\\Http\\Middleware\\TransformsRequest->handle()
#19 /home/aquilas/Documents/DEV PROJECT/SGT-RA/CODE/back/vendor/laravel/framework/src/Illuminate/Pipeline/Pipeline.php(183): Illuminate\\Foundation\\Http\\Middleware\\TrimStrings->handle()
#20 /home/aquilas/Documents/DEV PROJECT/SGT-RA/CODE/back/vendor/laravel/framework/src/Illuminate/Http/Middleware/ValidatePostSize.php(27): Illuminate\\Pipeline\\Pipeline->Illuminate\\Pipeline\\{closure}()
#21 /home/aquilas/Documents/DEV PROJECT/SGT-RA/CODE/back/vendor/laravel/framework/src/Illuminate/Pipeline/Pipeline.php(183): Illuminate\\Http\\Middleware\\ValidatePostSize->handle()
#22 /home/aquilas/Documents/DEV PROJECT/SGT-RA/CODE/back/vendor/laravel/framework/src/Illuminate/Foundation/Http/Middleware/PreventRequestsDuringMaintenance.php(110): Illuminate\\Pipeline\\Pipeline->Illuminate\\Pipeline\\{closure}()
#23 /home/aquilas/Documents/DEV PROJECT/SGT-RA/CODE/back/vendor/laravel/framework/src/Illuminate/Pipeline/Pipeline.php(183): Illuminate\\Foundation\\Http\\Middleware\\PreventRequestsDuringMaintenance->handle()
#24 /home/aquilas/Documents/DEV PROJECT/SGT-RA/CODE/back/vendor/laravel/framework/src/Illuminate/Http/Middleware/HandleCors.php(62): Illuminate\\Pipeline\\Pipeline->Illuminate\\Pipeline\\{closure}()
#25 /home/aquilas/Documents/DEV PROJECT/SGT-RA/CODE/back/vendor/laravel/framework/src/Illuminate/Pipeline/Pipeline.php(183): Illuminate\\Http\\Middleware\\HandleCors->handle()
#26 /home/aquilas/Documents/DEV PROJECT/SGT-RA/CODE/back/vendor/laravel/framework/src/Illuminate/Http/Middleware/TrustProxies.php(57): Illuminate\\Pipeline\\Pipeline->Illuminate\\Pipeline\\{closure}()
#27 /home/aquilas/Documents/DEV PROJECT/SGT-RA/CODE/back/vendor/laravel/framework/src/Illuminate/Pipeline/Pipeline.php(183): Illuminate\\Http\\Middleware\\TrustProxies->handle()
#28 /home/aquilas/Documents/DEV PROJECT/SGT-RA/CODE/back/vendor/laravel/framework/src/Illuminate/Pipeline/Pipeline.php(119): Illuminate\\Pipeline\\Pipeline->Illuminate\\Pipeline\\{closure}()
#29 /home/aquilas/Documents/DEV PROJECT/SGT-RA/CODE/back/vendor/laravel/framework/src/Illuminate/Foundation/Http/Kernel.php(175): Illuminate\\Pipeline\\Pipeline->then()
#30 /home/aquilas/Documents/DEV PROJECT/SGT-RA/CODE/back/vendor/laravel/framework/src/Illuminate/Foundation/Http/Kernel.php(144): Illuminate\\Foundation\\Http\\Kernel->sendRequestThroughRouter()
#31 /home/aquilas/Documents/DEV PROJECT/SGT-RA/CODE/back/vendor/laravel/framework/src/Illuminate/Foundation/Application.php(1183): Illuminate\\Foundation\\Http\\Kernel->handle()
#32 /home/aquilas/Documents/DEV PROJECT/SGT-RA/CODE/back/public/index.php(17): Illuminate\\Foundation\\Application->handleRequest()
#33 /home/aquilas/Documents/DEV PROJECT/SGT-RA/CODE/back/vendor/laravel/framework/src/Illuminate/Foundation/resources/server.php(16): require_once('...')
#34 {main}
"} 
[2024-06-14 22:14:56] local.ERROR: Too few arguments to function App\Http\Controllers\API\ReservationController::index(), 0 passed in /home/aquilas/Documents/DEV PROJECT/SGT-RA/CODE/back/vendor/laravel/framework/src/Illuminate/Routing/ControllerDispatcher.php on line 46 and exactly 1 expected {"exception":"[object] (ArgumentCountError(code: 0): Too few arguments to function App\\Http\\Controllers\\API\\ReservationController::index(), 0 passed in /home/aquilas/Documents/DEV PROJECT/SGT-RA/CODE/back/vendor/laravel/framework/src/Illuminate/Routing/ControllerDispatcher.php on line 46 and exactly 1 expected at /home/aquilas/Documents/DEV PROJECT/SGT-RA/CODE/back/app/Http/Controllers/API/ReservationController.php:137)
[stacktrace]
#0 /home/aquilas/Documents/DEV PROJECT/SGT-RA/CODE/back/vendor/laravel/framework/src/Illuminate/Routing/ControllerDispatcher.php(46): App\\Http\\Controllers\\API\\ReservationController->index()
#1 /home/aquilas/Documents/DEV PROJECT/SGT-RA/CODE/back/vendor/laravel/framework/src/Illuminate/Routing/Route.php(260): Illuminate\\Routing\\ControllerDispatcher->dispatch()
#2 /home/aquilas/Documents/DEV PROJECT/SGT-RA/CODE/back/vendor/laravel/framework/src/Illuminate/Routing/Route.php(206): Illuminate\\Routing\\Route->runController()
#3 /home/aquilas/Documents/DEV PROJECT/SGT-RA/CODE/back/vendor/laravel/framework/src/Illuminate/Routing/Router.php(806): Illuminate\\Routing\\Route->run()
#4 /home/aquilas/Documents/DEV PROJECT/SGT-RA/CODE/back/vendor/laravel/framework/src/Illuminate/Pipeline/Pipeline.php(144): Illuminate\\Routing\\Router->Illuminate\\Routing\\{closure}()
#5 /home/aquilas/Documents/DEV PROJECT/SGT-RA/CODE/back/vendor/laravel/framework/src/Illuminate/Routing/Middleware/SubstituteBindings.php(50): Illuminate\\Pipeline\\Pipeline->Illuminate\\Pipeline\\{closure}()
#6 /home/aquilas/Documents/DEV PROJECT/SGT-RA/CODE/back/vendor/laravel/framework/src/Illuminate/Pipeline/Pipeline.php(183): Illuminate\\Routing\\Middleware\\SubstituteBindings->handle()
#7 /home/aquilas/Documents/DEV PROJECT/SGT-RA/CODE/back/vendor/laravel/framework/src/Illuminate/Pipeline/Pipeline.php(119): Illuminate\\Pipeline\\Pipeline->Illuminate\\Pipeline\\{closure}()
#8 /home/aquilas/Documents/DEV PROJECT/SGT-RA/CODE/back/vendor/laravel/framework/src/Illuminate/Routing/Router.php(805): Illuminate\\Pipeline\\Pipeline->then()
#9 /home/aquilas/Documents/DEV PROJECT/SGT-RA/CODE/back/vendor/laravel/framework/src/Illuminate/Routing/Router.php(784): Illuminate\\Routing\\Router->runRouteWithinStack()
#10 /home/aquilas/Documents/DEV PROJECT/SGT-RA/CODE/back/vendor/laravel/framework/src/Illuminate/Routing/Router.php(748): Illuminate\\Routing\\Router->runRoute()
#11 /home/aquilas/Documents/DEV PROJECT/SGT-RA/CODE/back/vendor/laravel/framework/src/Illuminate/Routing/Router.php(737): Illuminate\\Routing\\Router->dispatchToRoute()
#12 /home/aquilas/Documents/DEV PROJECT/SGT-RA/CODE/back/vendor/laravel/framework/src/Illuminate/Foundation/Http/Kernel.php(200): Illuminate\\Routing\\Router->dispatch()
#13 /home/aquilas/Documents/DEV PROJECT/SGT-RA/CODE/back/vendor/laravel/framework/src/Illuminate/Pipeline/Pipeline.php(144): Illuminate\\Foundation\\Http\\Kernel->Illuminate\\Foundation\\Http\\{closure}()
#14 /home/aquilas/Documents/DEV PROJECT/SGT-RA/CODE/back/vendor/laravel/framework/src/Illuminate/Foundation/Http/Middleware/TransformsRequest.php(21): Illuminate\\Pipeline\\Pipeline->Illuminate\\Pipeline\\{closure}()
#15 /home/aquilas/Documents/DEV PROJECT/SGT-RA/CODE/back/vendor/laravel/framework/src/Illuminate/Foundation/Http/Middleware/ConvertEmptyStringsToNull.php(31): Illuminate\\Foundation\\Http\\Middleware\\TransformsRequest->handle()
#16 /home/aquilas/Documents/DEV PROJECT/SGT-RA/CODE/back/vendor/laravel/framework/src/Illuminate/Pipeline/Pipeline.php(183): Illuminate\\Foundation\\Http\\Middleware\\ConvertEmptyStringsToNull->handle()
#17 /home/aquilas/Documents/DEV PROJECT/SGT-RA/CODE/back/vendor/laravel/framework/src/Illuminate/Foundation/Http/Middleware/TransformsRequest.php(21): Illuminate\\Pipeline\\Pipeline->Illuminate\\Pipeline\\{closure}()
#18 /home/aquilas/Documents/DEV PROJECT/SGT-RA/CODE/back/vendor/laravel/framework/src/Illuminate/Foundation/Http/Middleware/TrimStrings.php(51): Illuminate\\Foundation\\Http\\Middleware\\TransformsRequest->handle()
#19 /home/aquilas/Documents/DEV PROJECT/SGT-RA/CODE/back/vendor/laravel/framework/src/Illuminate/Pipeline/Pipeline.php(183): Illuminate\\Foundation\\Http\\Middleware\\TrimStrings->handle()
#20 /home/aquilas/Documents/DEV PROJECT/SGT-RA/CODE/back/vendor/laravel/framework/src/Illuminate/Http/Middleware/ValidatePostSize.php(27): Illuminate\\Pipeline\\Pipeline->Illuminate\\Pipeline\\{closure}()
#21 /home/aquilas/Documents/DEV PROJECT/SGT-RA/CODE/back/vendor/laravel/framework/src/Illuminate/Pipeline/Pipeline.php(183): Illuminate\\Http\\Middleware\\ValidatePostSize->handle()
#22 /home/aquilas/Documents/DEV PROJECT/SGT-RA/CODE/back/vendor/laravel/framework/src/Illuminate/Foundation/Http/Middleware/PreventRequestsDuringMaintenance.php(110): Illuminate\\Pipeline\\Pipeline->Illuminate\\Pipeline\\{closure}()
#23 /home/aquilas/Documents/DEV PROJECT/SGT-RA/CODE/back/vendor/laravel/framework/src/Illuminate/Pipeline/Pipeline.php(183): Illuminate\\Foundation\\Http\\Middleware\\PreventRequestsDuringMaintenance->handle()
#24 /home/aquilas/Documents/DEV PROJECT/SGT-RA/CODE/back/vendor/laravel/framework/src/Illuminate/Http/Middleware/HandleCors.php(62): Illuminate\\Pipeline\\Pipeline->Illuminate\\Pipeline\\{closure}()
#25 /home/aquilas/Documents/DEV PROJECT/SGT-RA/CODE/back/vendor/laravel/framework/src/Illuminate/Pipeline/Pipeline.php(183): Illuminate\\Http\\Middleware\\HandleCors->handle()
#26 /home/aquilas/Documents/DEV PROJECT/SGT-RA/CODE/back/vendor/laravel/framework/src/Illuminate/Http/Middleware/TrustProxies.php(57): Illuminate\\Pipeline\\Pipeline->Illuminate\\Pipeline\\{closure}()
#27 /home/aquilas/Documents/DEV PROJECT/SGT-RA/CODE/back/vendor/laravel/framework/src/Illuminate/Pipeline/Pipeline.php(183): Illuminate\\Http\\Middleware\\TrustProxies->handle()
#28 /home/aquilas/Documents/DEV PROJECT/SGT-RA/CODE/back/vendor/laravel/framework/src/Illuminate/Pipeline/Pipeline.php(119): Illuminate\\Pipeline\\Pipeline->Illuminate\\Pipeline\\{closure}()
#29 /home/aquilas/Documents/DEV PROJECT/SGT-RA/CODE/back/vendor/laravel/framework/src/Illuminate/Foundation/Http/Kernel.php(175): Illuminate\\Pipeline\\Pipeline->then()
#30 /home/aquilas/Documents/DEV PROJECT/SGT-RA/CODE/back/vendor/laravel/framework/src/Illuminate/Foundation/Http/Kernel.php(144): Illuminate\\Foundation\\Http\\Kernel->sendRequestThroughRouter()
#31 /home/aquilas/Documents/DEV PROJECT/SGT-RA/CODE/back/vendor/laravel/framework/src/Illuminate/Foundation/Application.php(1183): Illuminate\\Foundation\\Http\\Kernel->handle()
#32 /home/aquilas/Documents/DEV PROJECT/SGT-RA/CODE/back/public/index.php(17): Illuminate\\Foundation\\Application->handleRequest()
#33 /home/aquilas/Documents/DEV PROJECT/SGT-RA/CODE/back/vendor/laravel/framework/src/Illuminate/Foundation/resources/server.php(16): require_once('...')
#34 {main}
"} 
[2024-06-14 22:14:56] local.ERROR: Too few arguments to function App\Http\Controllers\API\ReservationController::index(), 0 passed in /home/aquilas/Documents/DEV PROJECT/SGT-RA/CODE/back/vendor/laravel/framework/src/Illuminate/Routing/ControllerDispatcher.php on line 46 and exactly 1 expected {"exception":"[object] (ArgumentCountError(code: 0): Too few arguments to function App\\Http\\Controllers\\API\\ReservationController::index(), 0 passed in /home/aquilas/Documents/DEV PROJECT/SGT-RA/CODE/back/vendor/laravel/framework/src/Illuminate/Routing/ControllerDispatcher.php on line 46 and exactly 1 expected at /home/aquilas/Documents/DEV PROJECT/SGT-RA/CODE/back/app/Http/Controllers/API/ReservationController.php:137)
[stacktrace]
#0 /home/aquilas/Documents/DEV PROJECT/SGT-RA/CODE/back/vendor/laravel/framework/src/Illuminate/Routing/ControllerDispatcher.php(46): App\\Http\\Controllers\\API\\ReservationController->index()
#1 /home/aquilas/Documents/DEV PROJECT/SGT-RA/CODE/back/vendor/laravel/framework/src/Illuminate/Routing/Route.php(260): Illuminate\\Routing\\ControllerDispatcher->dispatch()
#2 /home/aquilas/Documents/DEV PROJECT/SGT-RA/CODE/back/vendor/laravel/framework/src/Illuminate/Routing/Route.php(206): Illuminate\\Routing\\Route->runController()
#3 /home/aquilas/Documents/DEV PROJECT/SGT-RA/CODE/back/vendor/laravel/framework/src/Illuminate/Routing/Router.php(806): Illuminate\\Routing\\Route->run()
#4 /home/aquilas/Documents/DEV PROJECT/SGT-RA/CODE/back/vendor/laravel/framework/src/Illuminate/Pipeline/Pipeline.php(144): Illuminate\\Routing\\Router->Illuminate\\Routing\\{closure}()
#5 /home/aquilas/Documents/DEV PROJECT/SGT-RA/CODE/back/vendor/laravel/framework/src/Illuminate/Routing/Middleware/SubstituteBindings.php(50): Illuminate\\Pipeline\\Pipeline->Illuminate\\Pipeline\\{closure}()
#6 /home/aquilas/Documents/DEV PROJECT/SGT-RA/CODE/back/vendor/laravel/framework/src/Illuminate/Pipeline/Pipeline.php(183): Illuminate\\Routing\\Middleware\\SubstituteBindings->handle()
#7 /home/aquilas/Documents/DEV PROJECT/SGT-RA/CODE/back/vendor/laravel/framework/src/Illuminate/Pipeline/Pipeline.php(119): Illuminate\\Pipeline\\Pipeline->Illuminate\\Pipeline\\{closure}()
#8 /home/aquilas/Documents/DEV PROJECT/SGT-RA/CODE/back/vendor/laravel/framework/src/Illuminate/Routing/Router.php(805): Illuminate\\Pipeline\\Pipeline->then()
#9 /home/aquilas/Documents/DEV PROJECT/SGT-RA/CODE/back/vendor/laravel/framework/src/Illuminate/Routing/Router.php(784): Illuminate\\Routing\\Router->runRouteWithinStack()
#10 /home/aquilas/Documents/DEV PROJECT/SGT-RA/CODE/back/vendor/laravel/framework/src/Illuminate/Routing/Router.php(748): Illuminate\\Routing\\Router->runRoute()
#11 /home/aquilas/Documents/DEV PROJECT/SGT-RA/CODE/back/vendor/laravel/framework/src/Illuminate/Routing/Router.php(737): Illuminate\\Routing\\Router->dispatchToRoute()
#12 /home/aquilas/Documents/DEV PROJECT/SGT-RA/CODE/back/vendor/laravel/framework/src/Illuminate/Foundation/Http/Kernel.php(200): Illuminate\\Routing\\Router->dispatch()
#13 /home/aquilas/Documents/DEV PROJECT/SGT-RA/CODE/back/vendor/laravel/framework/src/Illuminate/Pipeline/Pipeline.php(144): Illuminate\\Foundation\\Http\\Kernel->Illuminate\\Foundation\\Http\\{closure}()
#14 /home/aquilas/Documents/DEV PROJECT/SGT-RA/CODE/back/vendor/laravel/framework/src/Illuminate/Foundation/Http/Middleware/TransformsRequest.php(21): Illuminate\\Pipeline\\Pipeline->Illuminate\\Pipeline\\{closure}()
#15 /home/aquilas/Documents/DEV PROJECT/SGT-RA/CODE/back/vendor/laravel/framework/src/Illuminate/Foundation/Http/Middleware/ConvertEmptyStringsToNull.php(31): Illuminate\\Foundation\\Http\\Middleware\\TransformsRequest->handle()
#16 /home/aquilas/Documents/DEV PROJECT/SGT-RA/CODE/back/vendor/laravel/framework/src/Illuminate/Pipeline/Pipeline.php(183): Illuminate\\Foundation\\Http\\Middleware\\ConvertEmptyStringsToNull->handle()
#17 /home/aquilas/Documents/DEV PROJECT/SGT-RA/CODE/back/vendor/laravel/framework/src/Illuminate/Foundation/Http/Middleware/TransformsRequest.php(21): Illuminate\\Pipeline\\Pipeline->Illuminate\\Pipeline\\{closure}()
#18 /home/aquilas/Documents/DEV PROJECT/SGT-RA/CODE/back/vendor/laravel/framework/src/Illuminate/Foundation/Http/Middleware/TrimStrings.php(51): Illuminate\\Foundation\\Http\\Middleware\\TransformsRequest->handle()
#19 /home/aquilas/Documents/DEV PROJECT/SGT-RA/CODE/back/vendor/laravel/framework/src/Illuminate/Pipeline/Pipeline.php(183): Illuminate\\Foundation\\Http\\Middleware\\TrimStrings->handle()
#20 /home/aquilas/Documents/DEV PROJECT/SGT-RA/CODE/back/vendor/laravel/framework/src/Illuminate/Http/Middleware/ValidatePostSize.php(27): Illuminate\\Pipeline\\Pipeline->Illuminate\\Pipeline\\{closure}()
#21 /home/aquilas/Documents/DEV PROJECT/SGT-RA/CODE/back/vendor/laravel/framework/src/Illuminate/Pipeline/Pipeline.php(183): Illuminate\\Http\\Middleware\\ValidatePostSize->handle()
#22 /home/aquilas/Documents/DEV PROJECT/SGT-RA/CODE/back/vendor/laravel/framework/src/Illuminate/Foundation/Http/Middleware/PreventRequestsDuringMaintenance.php(110): Illuminate\\Pipeline\\Pipeline->Illuminate\\Pipeline\\{closure}()
#23 /home/aquilas/Documents/DEV PROJECT/SGT-RA/CODE/back/vendor/laravel/framework/src/Illuminate/Pipeline/Pipeline.php(183): Illuminate\\Foundation\\Http\\Middleware\\PreventRequestsDuringMaintenance->handle()
#24 /home/aquilas/Documents/DEV PROJECT/SGT-RA/CODE/back/vendor/laravel/framework/src/Illuminate/Http/Middleware/HandleCors.php(62): Illuminate\\Pipeline\\Pipeline->Illuminate\\Pipeline\\{closure}()
#25 /home/aquilas/Documents/DEV PROJECT/SGT-RA/CODE/back/vendor/laravel/framework/src/Illuminate/Pipeline/Pipeline.php(183): Illuminate\\Http\\Middleware\\HandleCors->handle()
#26 /home/aquilas/Documents/DEV PROJECT/SGT-RA/CODE/back/vendor/laravel/framework/src/Illuminate/Http/Middleware/TrustProxies.php(57): Illuminate\\Pipeline\\Pipeline->Illuminate\\Pipeline\\{closure}()
#27 /home/aquilas/Documents/DEV PROJECT/SGT-RA/CODE/back/vendor/laravel/framework/src/Illuminate/Pipeline/Pipeline.php(183): Illuminate\\Http\\Middleware\\TrustProxies->handle()
#28 /home/aquilas/Documents/DEV PROJECT/SGT-RA/CODE/back/vendor/laravel/framework/src/Illuminate/Pipeline/Pipeline.php(119): Illuminate\\Pipeline\\Pipeline->Illuminate\\Pipeline\\{closure}()
#29 /home/aquilas/Documents/DEV PROJECT/SGT-RA/CODE/back/vendor/laravel/framework/src/Illuminate/Foundation/Http/Kernel.php(175): Illuminate\\Pipeline\\Pipeline->then()
#30 /home/aquilas/Documents/DEV PROJECT/SGT-RA/CODE/back/vendor/laravel/framework/src/Illuminate/Foundation/Http/Kernel.php(144): Illuminate\\Foundation\\Http\\Kernel->sendRequestThroughRouter()
#31 /home/aquilas/Documents/DEV PROJECT/SGT-RA/CODE/back/vendor/laravel/framework/src/Illuminate/Foundation/Application.php(1183): Illuminate\\Foundation\\Http\\Kernel->handle()
#32 /home/aquilas/Documents/DEV PROJECT/SGT-RA/CODE/back/public/index.php(17): Illuminate\\Foundation\\Application->handleRequest()
#33 /home/aquilas/Documents/DEV PROJECT/SGT-RA/CODE/back/vendor/laravel/framework/src/Illuminate/Foundation/resources/server.php(16): require_once('...')
#34 {main}
"} 
[2024-06-14 22:14:57] local.ERROR: Too few arguments to function App\Http\Controllers\API\ReservationController::index(), 0 passed in /home/aquilas/Documents/DEV PROJECT/SGT-RA/CODE/back/vendor/laravel/framework/src/Illuminate/Routing/ControllerDispatcher.php on line 46 and exactly 1 expected {"exception":"[object] (ArgumentCountError(code: 0): Too few arguments to function App\\Http\\Controllers\\API\\ReservationController::index(), 0 passed in /home/aquilas/Documents/DEV PROJECT/SGT-RA/CODE/back/vendor/laravel/framework/src/Illuminate/Routing/ControllerDispatcher.php on line 46 and exactly 1 expected at /home/aquilas/Documents/DEV PROJECT/SGT-RA/CODE/back/app/Http/Controllers/API/ReservationController.php:137)
[stacktrace]
#0 /home/aquilas/Documents/DEV PROJECT/SGT-RA/CODE/back/vendor/laravel/framework/src/Illuminate/Routing/ControllerDispatcher.php(46): App\\Http\\Controllers\\API\\ReservationController->index()
#1 /home/aquilas/Documents/DEV PROJECT/SGT-RA/CODE/back/vendor/laravel/framework/src/Illuminate/Routing/Route.php(260): Illuminate\\Routing\\ControllerDispatcher->dispatch()
#2 /home/aquilas/Documents/DEV PROJECT/SGT-RA/CODE/back/vendor/laravel/framework/src/Illuminate/Routing/Route.php(206): Illuminate\\Routing\\Route->runController()
#3 /home/aquilas/Documents/DEV PROJECT/SGT-RA/CODE/back/vendor/laravel/framework/src/Illuminate/Routing/Router.php(806): Illuminate\\Routing\\Route->run()
#4 /home/aquilas/Documents/DEV PROJECT/SGT-RA/CODE/back/vendor/laravel/framework/src/Illuminate/Pipeline/Pipeline.php(144): Illuminate\\Routing\\Router->Illuminate\\Routing\\{closure}()
#5 /home/aquilas/Documents/DEV PROJECT/SGT-RA/CODE/back/vendor/laravel/framework/src/Illuminate/Routing/Middleware/SubstituteBindings.php(50): Illuminate\\Pipeline\\Pipeline->Illuminate\\Pipeline\\{closure}()
#6 /home/aquilas/Documents/DEV PROJECT/SGT-RA/CODE/back/vendor/laravel/framework/src/Illuminate/Pipeline/Pipeline.php(183): Illuminate\\Routing\\Middleware\\SubstituteBindings->handle()
#7 /home/aquilas/Documents/DEV PROJECT/SGT-RA/CODE/back/vendor/laravel/framework/src/Illuminate/Pipeline/Pipeline.php(119): Illuminate\\Pipeline\\Pipeline->Illuminate\\Pipeline\\{closure}()
#8 /home/aquilas/Documents/DEV PROJECT/SGT-RA/CODE/back/vendor/laravel/framework/src/Illuminate/Routing/Router.php(805): Illuminate\\Pipeline\\Pipeline->then()
#9 /home/aquilas/Documents/DEV PROJECT/SGT-RA/CODE/back/vendor/laravel/framework/src/Illuminate/Routing/Router.php(784): Illuminate\\Routing\\Router->runRouteWithinStack()
#10 /home/aquilas/Documents/DEV PROJECT/SGT-RA/CODE/back/vendor/laravel/framework/src/Illuminate/Routing/Router.php(748): Illuminate\\Routing\\Router->runRoute()
#11 /home/aquilas/Documents/DEV PROJECT/SGT-RA/CODE/back/vendor/laravel/framework/src/Illuminate/Routing/Router.php(737): Illuminate\\Routing\\Router->dispatchToRoute()
#12 /home/aquilas/Documents/DEV PROJECT/SGT-RA/CODE/back/vendor/laravel/framework/src/Illuminate/Foundation/Http/Kernel.php(200): Illuminate\\Routing\\Router->dispatch()
#13 /home/aquilas/Documents/DEV PROJECT/SGT-RA/CODE/back/vendor/laravel/framework/src/Illuminate/Pipeline/Pipeline.php(144): Illuminate\\Foundation\\Http\\Kernel->Illuminate\\Foundation\\Http\\{closure}()
#14 /home/aquilas/Documents/DEV PROJECT/SGT-RA/CODE/back/vendor/laravel/framework/src/Illuminate/Foundation/Http/Middleware/TransformsRequest.php(21): Illuminate\\Pipeline\\Pipeline->Illuminate\\Pipeline\\{closure}()
#15 /home/aquilas/Documents/DEV PROJECT/SGT-RA/CODE/back/vendor/laravel/framework/src/Illuminate/Foundation/Http/Middleware/ConvertEmptyStringsToNull.php(31): Illuminate\\Foundation\\Http\\Middleware\\TransformsRequest->handle()
#16 /home/aquilas/Documents/DEV PROJECT/SGT-RA/CODE/back/vendor/laravel/framework/src/Illuminate/Pipeline/Pipeline.php(183): Illuminate\\Foundation\\Http\\Middleware\\ConvertEmptyStringsToNull->handle()
#17 /home/aquilas/Documents/DEV PROJECT/SGT-RA/CODE/back/vendor/laravel/framework/src/Illuminate/Foundation/Http/Middleware/TransformsRequest.php(21): Illuminate\\Pipeline\\Pipeline->Illuminate\\Pipeline\\{closure}()
#18 /home/aquilas/Documents/DEV PROJECT/SGT-RA/CODE/back/vendor/laravel/framework/src/Illuminate/Foundation/Http/Middleware/TrimStrings.php(51): Illuminate\\Foundation\\Http\\Middleware\\TransformsRequest->handle()
#19 /home/aquilas/Documents/DEV PROJECT/SGT-RA/CODE/back/vendor/laravel/framework/src/Illuminate/Pipeline/Pipeline.php(183): Illuminate\\Foundation\\Http\\Middleware\\TrimStrings->handle()
#20 /home/aquilas/Documents/DEV PROJECT/SGT-RA/CODE/back/vendor/laravel/framework/src/Illuminate/Http/Middleware/ValidatePostSize.php(27): Illuminate\\Pipeline\\Pipeline->Illuminate\\Pipeline\\{closure}()
#21 /home/aquilas/Documents/DEV PROJECT/SGT-RA/CODE/back/vendor/laravel/framework/src/Illuminate/Pipeline/Pipeline.php(183): Illuminate\\Http\\Middleware\\ValidatePostSize->handle()
#22 /home/aquilas/Documents/DEV PROJECT/SGT-RA/CODE/back/vendor/laravel/framework/src/Illuminate/Foundation/Http/Middleware/PreventRequestsDuringMaintenance.php(110): Illuminate\\Pipeline\\Pipeline->Illuminate\\Pipeline\\{closure}()
#23 /home/aquilas/Documents/DEV PROJECT/SGT-RA/CODE/back/vendor/laravel/framework/src/Illuminate/Pipeline/Pipeline.php(183): Illuminate\\Foundation\\Http\\Middleware\\PreventRequestsDuringMaintenance->handle()
#24 /home/aquilas/Documents/DEV PROJECT/SGT-RA/CODE/back/vendor/laravel/framework/src/Illuminate/Http/Middleware/HandleCors.php(62): Illuminate\\Pipeline\\Pipeline->Illuminate\\Pipeline\\{closure}()
#25 /home/aquilas/Documents/DEV PROJECT/SGT-RA/CODE/back/vendor/laravel/framework/src/Illuminate/Pipeline/Pipeline.php(183): Illuminate\\Http\\Middleware\\HandleCors->handle()
#26 /home/aquilas/Documents/DEV PROJECT/SGT-RA/CODE/back/vendor/laravel/framework/src/Illuminate/Http/Middleware/TrustProxies.php(57): Illuminate\\Pipeline\\Pipeline->Illuminate\\Pipeline\\{closure}()
#27 /home/aquilas/Documents/DEV PROJECT/SGT-RA/CODE/back/vendor/laravel/framework/src/Illuminate/Pipeline/Pipeline.php(183): Illuminate\\Http\\Middleware\\TrustProxies->handle()
#28 /home/aquilas/Documents/DEV PROJECT/SGT-RA/CODE/back/vendor/laravel/framework/src/Illuminate/Pipeline/Pipeline.php(119): Illuminate\\Pipeline\\Pipeline->Illuminate\\Pipeline\\{closure}()
#29 /home/aquilas/Documents/DEV PROJECT/SGT-RA/CODE/back/vendor/laravel/framework/src/Illuminate/Foundation/Http/Kernel.php(175): Illuminate\\Pipeline\\Pipeline->then()
#30 /home/aquilas/Documents/DEV PROJECT/SGT-RA/CODE/back/vendor/laravel/framework/src/Illuminate/Foundation/Http/Kernel.php(144): Illuminate\\Foundation\\Http\\Kernel->sendRequestThroughRouter()
#31 /home/aquilas/Documents/DEV PROJECT/SGT-RA/CODE/back/vendor/laravel/framework/src/Illuminate/Foundation/Application.php(1183): Illuminate\\Foundation\\Http\\Kernel->handle()
#32 /home/aquilas/Documents/DEV PROJECT/SGT-RA/CODE/back/public/index.php(17): Illuminate\\Foundation\\Application->handleRequest()
#33 /home/aquilas/Documents/DEV PROJECT/SGT-RA/CODE/back/vendor/laravel/framework/src/Illuminate/Foundation/resources/server.php(16): require_once('...')
#34 {main}
"} 
